[10-28 17:40:38]: [INFO] Created column 'regdate' and set the current timestamp, 1698514838190, to all 0 rows
[10-28 17:40:38]: [INFO] SQLite Setup finished
[10-28 17:40:38]: [INFO] Hooked into LuckPerms!
[10-28 17:40:38]: [INFO] Hooked successfully into Essentials
[10-28 17:40:40]: [INFO] AuthMe 5.6.0-beta2 build n.2453 successfully enabled!
[10-28 17:40:42]: [INFO] Downloading GEO IP database, because the old database is older than 30 days or doesn't exist
[10-28 17:40:42]: [WARN] No MaxMind credentials found in the configuration file! GeoIp protections will be disabled.
[10-28 17:40:42]: [INFO] There is no newer GEO IP database uploaded to MaxMind. Using the old one for now.
[10-28 17:40:43]: [WARN] Could not download GeoLiteAPI database [FileNotFoundException]: plugins/AuthMe/GeoLite2-Country.mmdb (No such file or directory)
[10-28 17:40:43]: java.io.FileNotFoundException: plugins/AuthMe/GeoLite2-Country.mmdb (No such file or directory)
	at java.base/java.io.RandomAccessFile.open0(Native Method)
	at java.base/java.io.RandomAccessFile.open(RandomAccessFile.java:344)
	at java.base/java.io.RandomAccessFile.<init>(RandomAccessFile.java:259)
	at java.base/java.io.RandomAccessFile.<init>(RandomAccessFile.java:213)
	at fr.xephi.authme.libs.com.maxmind.db.BufferHolder.<init>(BufferHolder.java:20)
	at fr.xephi.authme.libs.com.maxmind.db.Reader.<init>(Reader.java:121)
	at fr.xephi.authme.service.GeoIpService.startReading(GeoIpService.java:173)
	at fr.xephi.authme.service.GeoIpService.updateDatabase(GeoIpService.java:144)
	at org.bukkit.craftbukkit.v1_20_R1.scheduler.CraftTask.run(CraftTask.java:82)
	at org.bukkit.craftbukkit.v1_20_R1.scheduler.CraftAsyncTask.run(CraftAsyncTask.java:54)
	at java.base/java.util.concurrent.ThreadPoolExecutor.runWorker(ThreadPoolExecutor.java:1136)
	at java.base/java.util.concurrent.ThreadPoolExecutor$Worker.run(ThreadPoolExecutor.java:635)
	at java.base/java.lang.Thread.run(Thread.java:833)

[10-28 18:16:09]: [FINE] JaduMC registered 181.112.85.124
[10-28 18:16:09]: [FINE] JaduMC logged in 181.112.85.124
[10-28 18:35:06]: [INFO] SQLite Setup finished
[10-28 18:35:06]: [INFO] Hooked into LuckPerms!
[10-28 18:35:06]: [INFO] Hooked successfully into Essentials
[10-28 18:35:06]: [INFO] AuthMe 5.6.0-beta2 build n.2453 successfully enabled!
[10-28 18:35:07]: [INFO] Downloading GEO IP database, because the old database is older than 30 days or doesn't exist
[10-28 18:35:07]: [WARN] No MaxMind credentials found in the configuration file! GeoIp protections will be disabled.
[10-28 18:35:07]: [INFO] There is no newer GEO IP database uploaded to MaxMind. Using the old one for now.
[10-28 18:35:07]: [WARN] Could not download GeoLiteAPI database [FileNotFoundException]: plugins/AuthMe/GeoLite2-Country.mmdb (No such file or directory)
[10-28 18:35:07]: java.io.FileNotFoundException: plugins/AuthMe/GeoLite2-Country.mmdb (No such file or directory)
	at java.base/java.io.RandomAccessFile.open0(Native Method)
	at java.base/java.io.RandomAccessFile.open(RandomAccessFile.java:344)
	at java.base/java.io.RandomAccessFile.<init>(RandomAccessFile.java:259)
	at java.base/java.io.RandomAccessFile.<init>(RandomAccessFile.java:213)
	at fr.xephi.authme.libs.com.maxmind.db.BufferHolder.<init>(BufferHolder.java:20)
	at fr.xephi.authme.libs.com.maxmind.db.Reader.<init>(Reader.java:121)
	at fr.xephi.authme.service.GeoIpService.startReading(GeoIpService.java:173)
	at fr.xephi.authme.service.GeoIpService.updateDatabase(GeoIpService.java:144)
	at org.bukkit.craftbukkit.v1_20_R1.scheduler.CraftTask.run(CraftTask.java:82)
	at org.bukkit.craftbukkit.v1_20_R1.scheduler.CraftAsyncTask.run(CraftAsyncTask.java:54)
	at java.base/java.util.concurrent.ThreadPoolExecutor.runWorker(ThreadPoolExecutor.java:1136)
	at java.base/java.util.concurrent.ThreadPoolExecutor$Worker.run(ThreadPoolExecutor.java:635)
	at java.base/java.lang.Thread.run(Thread.java:833)

[10-28 18:35:40]: [FINE] JaduMC logged in 181.112.85.124
[10-28 19:04:38]: [INFO] AuthMe 5.6.0-beta2-b2453 disabled!
[10-28 19:06:27]: [INFO] SQLite Setup finished
[10-28 19:06:27]: [INFO] Hooked into LuckPerms!
[10-28 19:06:27]: [INFO] Hooked successfully into Essentials
[10-28 19:06:28]: [INFO] AuthMe 5.6.0-beta2 build n.2453 successfully enabled!
[10-28 19:06:29]: [INFO] Downloading GEO IP database, because the old database is older than 30 days or doesn't exist
[10-28 19:06:29]: [WARN] No MaxMind credentials found in the configuration file! GeoIp protections will be disabled.
[10-28 19:06:29]: [INFO] There is no newer GEO IP database uploaded to MaxMind. Using the old one for now.
[10-28 19:06:29]: [WARN] Could not download GeoLiteAPI database [FileNotFoundException]: plugins/AuthMe/GeoLite2-Country.mmdb (No such file or directory)
[10-28 19:06:29]: java.io.FileNotFoundException: plugins/AuthMe/GeoLite2-Country.mmdb (No such file or directory)
	at java.base/java.io.RandomAccessFile.open0(Native Method)
	at java.base/java.io.RandomAccessFile.open(RandomAccessFile.java:344)
	at java.base/java.io.RandomAccessFile.<init>(RandomAccessFile.java:259)
	at java.base/java.io.RandomAccessFile.<init>(RandomAccessFile.java:213)
	at fr.xephi.authme.libs.com.maxmind.db.BufferHolder.<init>(BufferHolder.java:20)
	at fr.xephi.authme.libs.com.maxmind.db.Reader.<init>(Reader.java:121)
	at fr.xephi.authme.service.GeoIpService.startReading(GeoIpService.java:173)
	at fr.xephi.authme.service.GeoIpService.updateDatabase(GeoIpService.java:144)
	at org.bukkit.craftbukkit.v1_20_R1.scheduler.CraftTask.run(CraftTask.java:82)
	at org.bukkit.craftbukkit.v1_20_R1.scheduler.CraftAsyncTask.run(CraftAsyncTask.java:54)
	at java.base/java.util.concurrent.ThreadPoolExecutor.runWorker(ThreadPoolExecutor.java:1136)
	at java.base/java.util.concurrent.ThreadPoolExecutor$Worker.run(ThreadPoolExecutor.java:635)
	at java.base/java.lang.Thread.run(Thread.java:833)

[10-28 19:10:57]: [FINE] JaduMC logged in 181.112.85.124
[10-29 20:50:20]: [INFO] SQLite Setup finished
[10-29 20:50:20]: [INFO] Hooked into LuckPerms!
[10-29 20:50:20]: [INFO] Hooked successfully into Essentials
[10-29 20:50:21]: [INFO] AuthMe 5.6.0-beta2 build n.2453 successfully enabled!
[10-29 20:50:22]: [INFO] Downloading GEO IP database, because the old database is older than 30 days or doesn't exist
[10-29 20:50:22]: [WARN] No MaxMind credentials found in the configuration file! GeoIp protections will be disabled.
[10-29 20:50:22]: [INFO] There is no newer GEO IP database uploaded to MaxMind. Using the old one for now.
[10-29 20:50:22]: [WARN] Could not download GeoLiteAPI database [FileNotFoundException]: plugins/AuthMe/GeoLite2-Country.mmdb (No such file or directory)
[10-29 20:50:22]: java.io.FileNotFoundException: plugins/AuthMe/GeoLite2-Country.mmdb (No such file or directory)
	at java.base/java.io.RandomAccessFile.open0(Native Method)
	at java.base/java.io.RandomAccessFile.open(RandomAccessFile.java:344)
	at java.base/java.io.RandomAccessFile.<init>(RandomAccessFile.java:259)
	at java.base/java.io.RandomAccessFile.<init>(RandomAccessFile.java:213)
	at fr.xephi.authme.libs.com.maxmind.db.BufferHolder.<init>(BufferHolder.java:20)
	at fr.xephi.authme.libs.com.maxmind.db.Reader.<init>(Reader.java:121)
	at fr.xephi.authme.service.GeoIpService.startReading(GeoIpService.java:173)
	at fr.xephi.authme.service.GeoIpService.updateDatabase(GeoIpService.java:144)
	at org.bukkit.craftbukkit.v1_20_R1.scheduler.CraftTask.run(CraftTask.java:82)
	at org.bukkit.craftbukkit.v1_20_R1.scheduler.CraftAsyncTask.run(CraftAsyncTask.java:54)
	at java.base/java.util.concurrent.ThreadPoolExecutor.runWorker(ThreadPoolExecutor.java:1136)
	at java.base/java.util.concurrent.ThreadPoolExecutor$Worker.run(ThreadPoolExecutor.java:635)
	at java.base/java.lang.Thread.run(Thread.java:833)

[10-29 20:50:38]: [FINE] JaduMC logged in 186.178.113.229
[10-29 21:07:38]: [INFO] AuthMe 5.6.0-beta2-b2453 disabled!
[10-29 21:10:13]: [INFO] SQLite Setup finished
[10-29 21:10:13]: [INFO] Hooked into LuckPerms!
[10-29 21:10:14]: [INFO] Hooked successfully into Essentials
[10-29 21:10:14]: [INFO] AuthMe 5.6.0-beta2 build n.2453 successfully enabled!
[10-29 21:10:16]: [INFO] Downloading GEO IP database, because the old database is older than 30 days or doesn't exist
[10-29 21:10:16]: [WARN] No MaxMind credentials found in the configuration file! GeoIp protections will be disabled.
[10-29 21:10:16]: [INFO] There is no newer GEO IP database uploaded to MaxMind. Using the old one for now.
[10-29 21:10:16]: [WARN] Could not download GeoLiteAPI database [FileNotFoundException]: plugins/AuthMe/GeoLite2-Country.mmdb (No such file or directory)
[10-29 21:10:16]: java.io.FileNotFoundException: plugins/AuthMe/GeoLite2-Country.mmdb (No such file or directory)
	at java.base/java.io.RandomAccessFile.open0(Native Method)
	at java.base/java.io.RandomAccessFile.open(RandomAccessFile.java:344)
	at java.base/java.io.RandomAccessFile.<init>(RandomAccessFile.java:259)
	at java.base/java.io.RandomAccessFile.<init>(RandomAccessFile.java:213)
	at fr.xephi.authme.libs.com.maxmind.db.BufferHolder.<init>(BufferHolder.java:20)
	at fr.xephi.authme.libs.com.maxmind.db.Reader.<init>(Reader.java:121)
	at fr.xephi.authme.service.GeoIpService.startReading(GeoIpService.java:173)
	at fr.xephi.authme.service.GeoIpService.updateDatabase(GeoIpService.java:144)
	at org.bukkit.craftbukkit.v1_20_R1.scheduler.CraftTask.run(CraftTask.java:82)
	at org.bukkit.craftbukkit.v1_20_R1.scheduler.CraftAsyncTask.run(CraftAsyncTask.java:54)
	at java.base/java.util.concurrent.ThreadPoolExecutor.runWorker(ThreadPoolExecutor.java:1136)
	at java.base/java.util.concurrent.ThreadPoolExecutor$Worker.run(ThreadPoolExecutor.java:635)
	at java.base/java.lang.Thread.run(Thread.java:833)

[10-29 21:18:07]: [INFO] AuthMe 5.6.0-beta2-b2453 disabled!
[10-29 21:21:48]: [INFO] SQLite Setup finished
[10-29 21:21:48]: [INFO] Hooked into LuckPerms!
[10-29 21:21:49]: [INFO] Hooked successfully into Essentials
[10-29 21:21:50]: [INFO] AuthMe 5.6.0-beta2 build n.2453 successfully enabled!
[10-29 21:21:52]: [INFO] Downloading GEO IP database, because the old database is older than 30 days or doesn't exist
[10-29 21:21:52]: [WARN] No MaxMind credentials found in the configuration file! GeoIp protections will be disabled.
[10-29 21:21:52]: [INFO] There is no newer GEO IP database uploaded to MaxMind. Using the old one for now.
[10-29 21:21:52]: [WARN] Could not download GeoLiteAPI database [FileNotFoundException]: plugins/AuthMe/GeoLite2-Country.mmdb (No such file or directory)
[10-29 21:21:52]: java.io.FileNotFoundException: plugins/AuthMe/GeoLite2-Country.mmdb (No such file or directory)
	at java.base/java.io.RandomAccessFile.open0(Native Method)
	at java.base/java.io.RandomAccessFile.open(RandomAccessFile.java:344)
	at java.base/java.io.RandomAccessFile.<init>(RandomAccessFile.java:259)
	at java.base/java.io.RandomAccessFile.<init>(RandomAccessFile.java:213)
	at fr.xephi.authme.libs.com.maxmind.db.BufferHolder.<init>(BufferHolder.java:20)
	at fr.xephi.authme.libs.com.maxmind.db.Reader.<init>(Reader.java:121)
	at fr.xephi.authme.service.GeoIpService.startReading(GeoIpService.java:173)
	at fr.xephi.authme.service.GeoIpService.updateDatabase(GeoIpService.java:144)
	at org.bukkit.craftbukkit.v1_20_R1.scheduler.CraftTask.run(CraftTask.java:82)
	at org.bukkit.craftbukkit.v1_20_R1.scheduler.CraftAsyncTask.run(CraftAsyncTask.java:54)
	at java.base/java.util.concurrent.ThreadPoolExecutor.runWorker(ThreadPoolExecutor.java:1136)
	at java.base/java.util.concurrent.ThreadPoolExecutor$Worker.run(ThreadPoolExecutor.java:635)
	at java.base/java.lang.Thread.run(Thread.java:833)

[10-29 21:22:14]: [FINE] JaduMC logged in 186.178.113.229
[10-29 21:42:25]: [INFO] AuthMe 5.6.0-beta2-b2453 disabled!
[10-29 21:43:18]: [INFO] SQLite Setup finished
[10-29 21:43:18]: [INFO] Hooked into LuckPerms!
[10-29 21:43:19]: [INFO] Hooked successfully into Essentials
[10-29 21:43:22]: [INFO] AuthMe 5.6.0-beta2 build n.2453 successfully enabled!
[10-29 21:43:26]: [INFO] Downloading GEO IP database, because the old database is older than 30 days or doesn't exist
[10-29 21:43:26]: [WARN] No MaxMind credentials found in the configuration file! GeoIp protections will be disabled.
[10-29 21:43:26]: [INFO] There is no newer GEO IP database uploaded to MaxMind. Using the old one for now.
[10-29 21:43:26]: [WARN] Could not download GeoLiteAPI database [FileNotFoundException]: plugins/AuthMe/GeoLite2-Country.mmdb (No such file or directory)
[10-29 21:43:26]: java.io.FileNotFoundException: plugins/AuthMe/GeoLite2-Country.mmdb (No such file or directory)
	at java.base/java.io.RandomAccessFile.open0(Native Method)
	at java.base/java.io.RandomAccessFile.open(RandomAccessFile.java:344)
	at java.base/java.io.RandomAccessFile.<init>(RandomAccessFile.java:259)
	at java.base/java.io.RandomAccessFile.<init>(RandomAccessFile.java:213)
	at fr.xephi.authme.libs.com.maxmind.db.BufferHolder.<init>(BufferHolder.java:20)
	at fr.xephi.authme.libs.com.maxmind.db.Reader.<init>(Reader.java:121)
	at fr.xephi.authme.service.GeoIpService.startReading(GeoIpService.java:173)
	at fr.xephi.authme.service.GeoIpService.updateDatabase(GeoIpService.java:144)
	at org.bukkit.craftbukkit.v1_20_R1.scheduler.CraftTask.run(CraftTask.java:82)
	at org.bukkit.craftbukkit.v1_20_R1.scheduler.CraftAsyncTask.run(CraftAsyncTask.java:54)
	at java.base/java.util.concurrent.ThreadPoolExecutor.runWorker(ThreadPoolExecutor.java:1136)
	at java.base/java.util.concurrent.ThreadPoolExecutor$Worker.run(ThreadPoolExecutor.java:635)
	at java.base/java.lang.Thread.run(Thread.java:833)

[10-29 21:43:54]: [FINE] JaduMC logged in 186.178.113.229
[10-29 22:24:00]: [INFO] SQLite Setup finished
[10-29 22:24:00]: [INFO] Hooked into LuckPerms!
[10-29 22:24:01]: [INFO] Hooked successfully into Essentials
[10-29 22:24:02]: [INFO] AuthMe 5.6.0-beta2 build n.2453 successfully enabled!
[10-29 22:24:05]: [INFO] Downloading GEO IP database, because the old database is older than 30 days or doesn't exist
[10-29 22:24:05]: [WARN] No MaxMind credentials found in the configuration file! GeoIp protections will be disabled.
[10-29 22:24:05]: [INFO] There is no newer GEO IP database uploaded to MaxMind. Using the old one for now.
[10-29 22:24:05]: [WARN] Could not download GeoLiteAPI database [FileNotFoundException]: plugins/AuthMe/GeoLite2-Country.mmdb (No such file or directory)
[10-29 22:24:05]: java.io.FileNotFoundException: plugins/AuthMe/GeoLite2-Country.mmdb (No such file or directory)
	at java.base/java.io.RandomAccessFile.open0(Native Method)
	at java.base/java.io.RandomAccessFile.open(RandomAccessFile.java:344)
	at java.base/java.io.RandomAccessFile.<init>(RandomAccessFile.java:259)
	at java.base/java.io.RandomAccessFile.<init>(RandomAccessFile.java:213)
	at fr.xephi.authme.libs.com.maxmind.db.BufferHolder.<init>(BufferHolder.java:20)
	at fr.xephi.authme.libs.com.maxmind.db.Reader.<init>(Reader.java:121)
	at fr.xephi.authme.service.GeoIpService.startReading(GeoIpService.java:173)
	at fr.xephi.authme.service.GeoIpService.updateDatabase(GeoIpService.java:144)
	at org.bukkit.craftbukkit.v1_20_R1.scheduler.CraftTask.run(CraftTask.java:82)
	at org.bukkit.craftbukkit.v1_20_R1.scheduler.CraftAsyncTask.run(CraftAsyncTask.java:54)
	at java.base/java.util.concurrent.ThreadPoolExecutor.runWorker(ThreadPoolExecutor.java:1136)
	at java.base/java.util.concurrent.ThreadPoolExecutor$Worker.run(ThreadPoolExecutor.java:635)
	at java.base/java.lang.Thread.run(Thread.java:833)

[10-29 22:24:59]: [FINE] JaduMC logged in 186.178.113.229
[11-04 21:36:26]: [INFO] SQLite Setup finished
[11-04 21:36:26]: [INFO] Hooked into LuckPerms!
[11-04 21:36:27]: [INFO] Hooked successfully into Essentials
[11-04 21:36:27]: [INFO] AuthMe 5.6.0-beta2 build n.2453 successfully enabled!
[11-04 21:36:31]: [INFO] Downloading GEO IP database, because the old database is older than 30 days or doesn't exist
[11-04 21:36:31]: [WARN] No MaxMind credentials found in the configuration file! GeoIp protections will be disabled.
[11-04 21:36:31]: [INFO] There is no newer GEO IP database uploaded to MaxMind. Using the old one for now.
[11-04 21:36:31]: [WARN] Could not download GeoLiteAPI database [FileNotFoundException]: plugins/AuthMe/GeoLite2-Country.mmdb (No such file or directory)
[11-04 21:36:31]: java.io.FileNotFoundException: plugins/AuthMe/GeoLite2-Country.mmdb (No such file or directory)
	at java.base/java.io.RandomAccessFile.open0(Native Method)
	at java.base/java.io.RandomAccessFile.open(RandomAccessFile.java:344)
	at java.base/java.io.RandomAccessFile.<init>(RandomAccessFile.java:259)
	at java.base/java.io.RandomAccessFile.<init>(RandomAccessFile.java:213)
	at fr.xephi.authme.libs.com.maxmind.db.BufferHolder.<init>(BufferHolder.java:20)
	at fr.xephi.authme.libs.com.maxmind.db.Reader.<init>(Reader.java:121)
	at fr.xephi.authme.service.GeoIpService.startReading(GeoIpService.java:173)
	at fr.xephi.authme.service.GeoIpService.updateDatabase(GeoIpService.java:144)
	at org.bukkit.craftbukkit.v1_20_R1.scheduler.CraftTask.run(CraftTask.java:82)
	at org.bukkit.craftbukkit.v1_20_R1.scheduler.CraftAsyncTask.run(CraftAsyncTask.java:54)
	at java.base/java.util.concurrent.ThreadPoolExecutor.runWorker(ThreadPoolExecutor.java:1136)
	at java.base/java.util.concurrent.ThreadPoolExecutor$Worker.run(ThreadPoolExecutor.java:635)
	at java.base/java.lang.Thread.run(Thread.java:833)

[11-04 21:36:53]: [FINE] JaduMC logged in 186.178.112.201
[11-08 14:57:08]: [INFO] SQLite Setup finished
[11-08 14:57:09]: [INFO] Hooked into LuckPerms!
[11-08 14:57:09]: [INFO] Hooked successfully into Essentials
[11-08 14:57:09]: [INFO] AuthMe 5.6.0-beta2 build n.2453 successfully enabled!
[11-08 14:57:12]: [INFO] Downloading GEO IP database, because the old database is older than 30 days or doesn't exist
[11-08 14:57:12]: [WARN] No MaxMind credentials found in the configuration file! GeoIp protections will be disabled.
[11-08 14:57:12]: [INFO] There is no newer GEO IP database uploaded to MaxMind. Using the old one for now.
[11-08 14:57:12]: [WARN] Could not download GeoLiteAPI database [FileNotFoundException]: plugins/AuthMe/GeoLite2-Country.mmdb (No such file or directory)
[11-08 14:57:12]: java.io.FileNotFoundException: plugins/AuthMe/GeoLite2-Country.mmdb (No such file or directory)
	at java.base/java.io.RandomAccessFile.open0(Native Method)
	at java.base/java.io.RandomAccessFile.open(RandomAccessFile.java:344)
	at java.base/java.io.RandomAccessFile.<init>(RandomAccessFile.java:259)
	at java.base/java.io.RandomAccessFile.<init>(RandomAccessFile.java:213)
	at fr.xephi.authme.libs.com.maxmind.db.BufferHolder.<init>(BufferHolder.java:20)
	at fr.xephi.authme.libs.com.maxmind.db.Reader.<init>(Reader.java:121)
	at fr.xephi.authme.service.GeoIpService.startReading(GeoIpService.java:173)
	at fr.xephi.authme.service.GeoIpService.updateDatabase(GeoIpService.java:144)
	at org.bukkit.craftbukkit.v1_20_R1.scheduler.CraftTask.run(CraftTask.java:82)
	at org.bukkit.craftbukkit.v1_20_R1.scheduler.CraftAsyncTask.run(CraftAsyncTask.java:54)
	at java.base/java.util.concurrent.ThreadPoolExecutor.runWorker(ThreadPoolExecutor.java:1136)
	at java.base/java.util.concurrent.ThreadPoolExecutor$Worker.run(ThreadPoolExecutor.java:635)
	at java.base/java.lang.Thread.run(Thread.java:833)

[11-08 14:58:09]: [FINE] JaduMC logged in 186.178.113.141
[11-08 15:27:46]: [INFO] AuthMe 5.6.0-beta2-b2453 disabled!
[11-08 15:29:27]: [INFO] SQLite Setup finished
[11-08 15:29:27]: [INFO] Hooked into LuckPerms!
[11-08 15:29:27]: [INFO] Hooked successfully into Essentials
[11-08 15:29:27]: [INFO] AuthMe 5.6.0-beta2 build n.2453 successfully enabled!
[11-08 15:29:30]: [INFO] Downloading GEO IP database, because the old database is older than 30 days or doesn't exist
[11-08 15:29:30]: [WARN] No MaxMind credentials found in the configuration file! GeoIp protections will be disabled.
[11-08 15:29:30]: [INFO] There is no newer GEO IP database uploaded to MaxMind. Using the old one for now.
[11-08 15:29:30]: [WARN] Could not download GeoLiteAPI database [FileNotFoundException]: plugins/AuthMe/GeoLite2-Country.mmdb (No such file or directory)
[11-08 15:29:30]: java.io.FileNotFoundException: plugins/AuthMe/GeoLite2-Country.mmdb (No such file or directory)
	at java.base/java.io.RandomAccessFile.open0(Native Method)
	at java.base/java.io.RandomAccessFile.open(RandomAccessFile.java:344)
	at java.base/java.io.RandomAccessFile.<init>(RandomAccessFile.java:259)
	at java.base/java.io.RandomAccessFile.<init>(RandomAccessFile.java:213)
	at fr.xephi.authme.libs.com.maxmind.db.BufferHolder.<init>(BufferHolder.java:20)
	at fr.xephi.authme.libs.com.maxmind.db.Reader.<init>(Reader.java:121)
	at fr.xephi.authme.service.GeoIpService.startReading(GeoIpService.java:173)
	at fr.xephi.authme.service.GeoIpService.updateDatabase(GeoIpService.java:144)
	at org.bukkit.craftbukkit.v1_20_R1.scheduler.CraftTask.run(CraftTask.java:82)
	at org.bukkit.craftbukkit.v1_20_R1.scheduler.CraftAsyncTask.run(CraftAsyncTask.java:54)
	at java.base/java.util.concurrent.ThreadPoolExecutor.runWorker(ThreadPoolExecutor.java:1136)
	at java.base/java.util.concurrent.ThreadPoolExecutor$Worker.run(ThreadPoolExecutor.java:635)
	at java.base/java.lang.Thread.run(Thread.java:833)

[11-08 15:29:49]: [FINE] JaduMC used the wrong password
[11-08 15:30:01]: [FINE] JaduMC used the wrong password
[11-08 15:30:08]: [FINE] JaduMC logged in 186.178.113.141
[11-08 15:45:09]: [INFO] AuthMe 5.6.0-beta2-b2453 disabled!
[11-08 15:47:20]: [INFO] SQLite Setup finished
[11-08 15:47:20]: [INFO] Hooked into LuckPerms!
[11-08 15:47:20]: [INFO] Hooked successfully into Essentials
[11-08 15:47:20]: [INFO] AuthMe 5.6.0-beta2 build n.2453 successfully enabled!
[11-08 15:47:22]: [INFO] Downloading GEO IP database, because the old database is older than 30 days or doesn't exist
[11-08 15:47:22]: [WARN] No MaxMind credentials found in the configuration file! GeoIp protections will be disabled.
[11-08 15:47:22]: [INFO] There is no newer GEO IP database uploaded to MaxMind. Using the old one for now.
[11-08 15:47:22]: [WARN] Could not download GeoLiteAPI database [FileNotFoundException]: plugins/AuthMe/GeoLite2-Country.mmdb (No such file or directory)
[11-08 15:47:22]: java.io.FileNotFoundException: plugins/AuthMe/GeoLite2-Country.mmdb (No such file or directory)
	at java.base/java.io.RandomAccessFile.open0(Native Method)
	at java.base/java.io.RandomAccessFile.open(RandomAccessFile.java:344)
	at java.base/java.io.RandomAccessFile.<init>(RandomAccessFile.java:259)
	at java.base/java.io.RandomAccessFile.<init>(RandomAccessFile.java:213)
	at fr.xephi.authme.libs.com.maxmind.db.BufferHolder.<init>(BufferHolder.java:20)
	at fr.xephi.authme.libs.com.maxmind.db.Reader.<init>(Reader.java:121)
	at fr.xephi.authme.service.GeoIpService.startReading(GeoIpService.java:173)
	at fr.xephi.authme.service.GeoIpService.updateDatabase(GeoIpService.java:144)
	at org.bukkit.craftbukkit.v1_20_R1.scheduler.CraftTask.run(CraftTask.java:82)
	at org.bukkit.craftbukkit.v1_20_R1.scheduler.CraftAsyncTask.run(CraftAsyncTask.java:54)
	at java.base/java.util.concurrent.ThreadPoolExecutor.runWorker(ThreadPoolExecutor.java:1136)
	at java.base/java.util.concurrent.ThreadPoolExecutor$Worker.run(ThreadPoolExecutor.java:635)
	at java.base/java.lang.Thread.run(Thread.java:833)

[11-08 15:48:50]: [FINE] JaduMC logged in 186.178.113.141
[11-08 17:13:16]: [INFO] AuthMe 5.6.0-beta2-b2453 disabled!
[11-08 17:15:22]: [INFO] SQLite Setup finished
[11-08 17:15:23]: [INFO] Hooked into LuckPerms!
[11-08 17:15:23]: [INFO] Hooked successfully into Essentials
[11-08 17:15:23]: [INFO] AuthMe 5.6.0-beta2 build n.2453 successfully enabled!
[11-08 17:15:27]: [INFO] Downloading GEO IP database, because the old database is older than 30 days or doesn't exist
[11-08 17:15:27]: [WARN] No MaxMind credentials found in the configuration file! GeoIp protections will be disabled.
[11-08 17:15:27]: [INFO] There is no newer GEO IP database uploaded to MaxMind. Using the old one for now.
[11-08 17:15:27]: [WARN] Could not download GeoLiteAPI database [FileNotFoundException]: plugins/AuthMe/GeoLite2-Country.mmdb (No such file or directory)
[11-08 17:15:27]: java.io.FileNotFoundException: plugins/AuthMe/GeoLite2-Country.mmdb (No such file or directory)
	at java.base/java.io.RandomAccessFile.open0(Native Method)
	at java.base/java.io.RandomAccessFile.open(RandomAccessFile.java:344)
	at java.base/java.io.RandomAccessFile.<init>(RandomAccessFile.java:259)
	at java.base/java.io.RandomAccessFile.<init>(RandomAccessFile.java:213)
	at fr.xephi.authme.libs.com.maxmind.db.BufferHolder.<init>(BufferHolder.java:20)
	at fr.xephi.authme.libs.com.maxmind.db.Reader.<init>(Reader.java:121)
	at fr.xephi.authme.service.GeoIpService.startReading(GeoIpService.java:173)
	at fr.xephi.authme.service.GeoIpService.updateDatabase(GeoIpService.java:144)
	at org.bukkit.craftbukkit.v1_20_R1.scheduler.CraftTask.run(CraftTask.java:82)
	at org.bukkit.craftbukkit.v1_20_R1.scheduler.CraftAsyncTask.run(CraftAsyncTask.java:54)
	at java.base/java.util.concurrent.ThreadPoolExecutor.runWorker(ThreadPoolExecutor.java:1136)
	at java.base/java.util.concurrent.ThreadPoolExecutor$Worker.run(ThreadPoolExecutor.java:635)
	at java.base/java.lang.Thread.run(Thread.java:833)

[11-08 17:15:41]: [FINE] JaduMC logged in 186.178.113.141
[11-08 19:50:49]: [INFO] AuthMe 5.6.0-beta2-b2453 disabled!
[11-08 19:52:47]: [INFO] SQLite Setup finished
[11-08 19:52:47]: [INFO] Hooked into LuckPerms!
[11-08 19:52:47]: [INFO] Hooked successfully into Essentials
[11-08 19:52:48]: [INFO] AuthMe 5.6.0-beta2 build n.2453 successfully enabled!
[11-08 19:52:50]: [INFO] Downloading GEO IP database, because the old database is older than 30 days or doesn't exist
[11-08 19:52:50]: [WARN] No MaxMind credentials found in the configuration file! GeoIp protections will be disabled.
[11-08 19:52:50]: [INFO] There is no newer GEO IP database uploaded to MaxMind. Using the old one for now.
[11-08 19:52:50]: [WARN] Could not download GeoLiteAPI database [FileNotFoundException]: plugins/AuthMe/GeoLite2-Country.mmdb (No such file or directory)
[11-08 19:52:50]: java.io.FileNotFoundException: plugins/AuthMe/GeoLite2-Country.mmdb (No such file or directory)
	at java.base/java.io.RandomAccessFile.open0(Native Method)
	at java.base/java.io.RandomAccessFile.open(RandomAccessFile.java:344)
	at java.base/java.io.RandomAccessFile.<init>(RandomAccessFile.java:259)
	at java.base/java.io.RandomAccessFile.<init>(RandomAccessFile.java:213)
	at fr.xephi.authme.libs.com.maxmind.db.BufferHolder.<init>(BufferHolder.java:20)
	at fr.xephi.authme.libs.com.maxmind.db.Reader.<init>(Reader.java:121)
	at fr.xephi.authme.service.GeoIpService.startReading(GeoIpService.java:173)
	at fr.xephi.authme.service.GeoIpService.updateDatabase(GeoIpService.java:144)
	at org.bukkit.craftbukkit.v1_20_R1.scheduler.CraftTask.run(CraftTask.java:82)
	at org.bukkit.craftbukkit.v1_20_R1.scheduler.CraftAsyncTask.run(CraftAsyncTask.java:54)
	at java.base/java.util.concurrent.ThreadPoolExecutor.runWorker(ThreadPoolExecutor.java:1136)
	at java.base/java.util.concurrent.ThreadPoolExecutor$Worker.run(ThreadPoolExecutor.java:635)
	at java.base/java.lang.Thread.run(Thread.java:833)

[11-08 19:53:31]: [FINE] JaduMC logged in 186.178.113.141
[11-08 21:48:51]: [INFO] SQLite Setup finished
[11-08 21:48:52]: [INFO] Hooked into LuckPerms!
[11-08 21:48:52]: [INFO] Hooked successfully into Essentials
[11-08 21:48:52]: [INFO] AuthMe 5.6.0-beta2 build n.2453 successfully enabled!
[11-08 21:48:55]: [INFO] Downloading GEO IP database, because the old database is older than 30 days or doesn't exist
[11-08 21:48:55]: [WARN] No MaxMind credentials found in the configuration file! GeoIp protections will be disabled.
[11-08 21:48:55]: [INFO] There is no newer GEO IP database uploaded to MaxMind. Using the old one for now.
[11-08 21:48:55]: [WARN] Could not download GeoLiteAPI database [FileNotFoundException]: plugins/AuthMe/GeoLite2-Country.mmdb (No such file or directory)
[11-08 21:48:55]: java.io.FileNotFoundException: plugins/AuthMe/GeoLite2-Country.mmdb (No such file or directory)
	at java.base/java.io.RandomAccessFile.open0(Native Method)
	at java.base/java.io.RandomAccessFile.open(RandomAccessFile.java:344)
	at java.base/java.io.RandomAccessFile.<init>(RandomAccessFile.java:259)
	at java.base/java.io.RandomAccessFile.<init>(RandomAccessFile.java:213)
	at fr.xephi.authme.libs.com.maxmind.db.BufferHolder.<init>(BufferHolder.java:20)
	at fr.xephi.authme.libs.com.maxmind.db.Reader.<init>(Reader.java:121)
	at fr.xephi.authme.service.GeoIpService.startReading(GeoIpService.java:173)
	at fr.xephi.authme.service.GeoIpService.updateDatabase(GeoIpService.java:144)
	at org.bukkit.craftbukkit.v1_20_R1.scheduler.CraftTask.run(CraftTask.java:82)
	at org.bukkit.craftbukkit.v1_20_R1.scheduler.CraftAsyncTask.run(CraftAsyncTask.java:54)
	at java.base/java.util.concurrent.ThreadPoolExecutor.runWorker(ThreadPoolExecutor.java:1136)
	at java.base/java.util.concurrent.ThreadPoolExecutor$Worker.run(ThreadPoolExecutor.java:635)
	at java.base/java.lang.Thread.run(Thread.java:840)

[11-08 21:49:24]: [FINE] JaduMC logged in 186.178.113.141
[11-08 22:24:55]: [FINE] JaduMC used the wrong password
[11-08 22:25:03]: [FINE] JaduMC logged in 186.178.113.141
[11-08 22:32:26]: [FINE] JaduMC logged in 181.112.84.155
[11-08 22:32:58]: [INFO] AuthMe 5.6.0-beta2-b2453 disabled!
[11-08 22:36:51]: [INFO] SQLite Setup finished
[11-08 22:36:51]: [INFO] Hooked into LuckPerms!
[11-08 22:36:51]: [INFO] Hooked successfully into Essentials
[11-08 22:36:51]: [INFO] AuthMe 5.6.0-beta2 build n.2453 successfully enabled!
[11-08 22:36:54]: [INFO] Downloading GEO IP database, because the old database is older than 30 days or doesn't exist
[11-08 22:36:54]: [WARN] No MaxMind credentials found in the configuration file! GeoIp protections will be disabled.
[11-08 22:36:54]: [INFO] There is no newer GEO IP database uploaded to MaxMind. Using the old one for now.
[11-08 22:36:54]: [WARN] Could not download GeoLiteAPI database [FileNotFoundException]: plugins/AuthMe/GeoLite2-Country.mmdb (No such file or directory)
[11-08 22:36:54]: java.io.FileNotFoundException: plugins/AuthMe/GeoLite2-Country.mmdb (No such file or directory)
	at java.base/java.io.RandomAccessFile.open0(Native Method)
	at java.base/java.io.RandomAccessFile.open(RandomAccessFile.java:344)
	at java.base/java.io.RandomAccessFile.<init>(RandomAccessFile.java:259)
	at java.base/java.io.RandomAccessFile.<init>(RandomAccessFile.java:213)
	at fr.xephi.authme.libs.com.maxmind.db.BufferHolder.<init>(BufferHolder.java:20)
	at fr.xephi.authme.libs.com.maxmind.db.Reader.<init>(Reader.java:121)
	at fr.xephi.authme.service.GeoIpService.startReading(GeoIpService.java:173)
	at fr.xephi.authme.service.GeoIpService.updateDatabase(GeoIpService.java:144)
	at org.bukkit.craftbukkit.v1_20_R1.scheduler.CraftTask.run(CraftTask.java:82)
	at org.bukkit.craftbukkit.v1_20_R1.scheduler.CraftAsyncTask.run(CraftAsyncTask.java:54)
	at java.base/java.util.concurrent.ThreadPoolExecutor.runWorker(ThreadPoolExecutor.java:1136)
	at java.base/java.util.concurrent.ThreadPoolExecutor$Worker.run(ThreadPoolExecutor.java:635)
	at java.base/java.lang.Thread.run(Thread.java:840)

[11-08 22:37:28]: [FINE] JaduMC logged in 181.112.84.155
[11-09 00:02:29]: [FINE] huevoncho registered 181.230.24.71
[11-09 00:02:30]: [FINE] huevoncho logged in 181.230.24.71
[11-09 00:05:00]: [FINE] JaduMC logged in 181.112.84.155
[11-09 02:14:04]: [INFO] AuthMe 5.6.0-beta2-b2453 disabled!
[11-09 02:19:22]: [INFO] SQLite Setup finished
[11-09 02:19:22]: [INFO] Hooked into LuckPerms!
[11-09 02:19:22]: [INFO] Hooked successfully into Essentials
[11-09 02:19:23]: [INFO] AuthMe 5.6.0-beta2 build n.2453 successfully enabled!
[11-09 02:19:26]: [INFO] Downloading GEO IP database, because the old database is older than 30 days or doesn't exist
[11-09 02:19:26]: [WARN] No MaxMind credentials found in the configuration file! GeoIp protections will be disabled.
[11-09 02:19:26]: [INFO] There is no newer GEO IP database uploaded to MaxMind. Using the old one for now.
[11-09 02:19:26]: [WARN] Could not download GeoLiteAPI database [FileNotFoundException]: plugins/AuthMe/GeoLite2-Country.mmdb (No such file or directory)
[11-09 02:19:26]: java.io.FileNotFoundException: plugins/AuthMe/GeoLite2-Country.mmdb (No such file or directory)
	at java.base/java.io.RandomAccessFile.open0(Native Method)
	at java.base/java.io.RandomAccessFile.open(RandomAccessFile.java:344)
	at java.base/java.io.RandomAccessFile.<init>(RandomAccessFile.java:259)
	at java.base/java.io.RandomAccessFile.<init>(RandomAccessFile.java:213)
	at fr.xephi.authme.libs.com.maxmind.db.BufferHolder.<init>(BufferHolder.java:20)
	at fr.xephi.authme.libs.com.maxmind.db.Reader.<init>(Reader.java:121)
	at fr.xephi.authme.service.GeoIpService.startReading(GeoIpService.java:173)
	at fr.xephi.authme.service.GeoIpService.updateDatabase(GeoIpService.java:144)
	at org.bukkit.craftbukkit.v1_20_R1.scheduler.CraftTask.run(CraftTask.java:82)
	at org.bukkit.craftbukkit.v1_20_R1.scheduler.CraftAsyncTask.run(CraftAsyncTask.java:54)
	at java.base/java.util.concurrent.ThreadPoolExecutor.runWorker(ThreadPoolExecutor.java:1136)
	at java.base/java.util.concurrent.ThreadPoolExecutor$Worker.run(ThreadPoolExecutor.java:635)
	at java.base/java.lang.Thread.run(Thread.java:840)

[11-09 02:20:05]: [FINE] JaduMC logged in 181.112.84.155
[11-09 02:30:04]: [FINE] JaduMC logged in 181.112.84.155
[11-09 02:37:13]: [FINE] JaduMC logged in 181.112.84.155
[11-09 02:38:57]: [INFO] AuthMe 5.6.0-beta2-b2453 disabled!
[11-09 02:42:36]: [INFO] SQLite Setup finished
[11-09 02:42:36]: [INFO] Hooked into LuckPerms!
[11-09 02:42:36]: [INFO] Hooked successfully into Essentials
[11-09 02:42:37]: [INFO] AuthMe 5.6.0-beta2 build n.2453 successfully enabled!
[11-09 02:42:40]: [INFO] Downloading GEO IP database, because the old database is older than 30 days or doesn't exist
[11-09 02:42:40]: [WARN] No MaxMind credentials found in the configuration file! GeoIp protections will be disabled.
[11-09 02:42:40]: [INFO] There is no newer GEO IP database uploaded to MaxMind. Using the old one for now.
[11-09 02:42:40]: [WARN] Could not download GeoLiteAPI database [FileNotFoundException]: plugins/AuthMe/GeoLite2-Country.mmdb (No such file or directory)
[11-09 02:42:40]: java.io.FileNotFoundException: plugins/AuthMe/GeoLite2-Country.mmdb (No such file or directory)
	at java.base/java.io.RandomAccessFile.open0(Native Method)
	at java.base/java.io.RandomAccessFile.open(RandomAccessFile.java:344)
	at java.base/java.io.RandomAccessFile.<init>(RandomAccessFile.java:259)
	at java.base/java.io.RandomAccessFile.<init>(RandomAccessFile.java:213)
	at fr.xephi.authme.libs.com.maxmind.db.BufferHolder.<init>(BufferHolder.java:20)
	at fr.xephi.authme.libs.com.maxmind.db.Reader.<init>(Reader.java:121)
	at fr.xephi.authme.service.GeoIpService.startReading(GeoIpService.java:173)
	at fr.xephi.authme.service.GeoIpService.updateDatabase(GeoIpService.java:144)
	at org.bukkit.craftbukkit.v1_20_R1.scheduler.CraftTask.run(CraftTask.java:82)
	at org.bukkit.craftbukkit.v1_20_R1.scheduler.CraftAsyncTask.run(CraftAsyncTask.java:54)
	at java.base/java.util.concurrent.ThreadPoolExecutor.runWorker(ThreadPoolExecutor.java:1136)
	at java.base/java.util.concurrent.ThreadPoolExecutor$Worker.run(ThreadPoolExecutor.java:635)
	at java.base/java.lang.Thread.run(Thread.java:840)

[11-09 02:53:08]: [FINE] JaduMC logged in 181.112.84.155
[11-09 03:08:26]: [FINE] JaduMC logged in 181.112.84.155
[11-09 03:11:57]: [INFO] AuthMe 5.6.0-beta2-b2453 disabled!
[11-09 03:18:05]: [INFO] SQLite Setup finished
[11-09 03:18:05]: [INFO] Hooked into LuckPerms!
[11-09 03:18:05]: [INFO] Hooked successfully into Essentials
[11-09 03:18:06]: [INFO] AuthMe 5.6.0-beta2 build n.2453 successfully enabled!
[11-09 03:18:09]: [INFO] Downloading GEO IP database, because the old database is older than 30 days or doesn't exist
[11-09 03:18:09]: [WARN] No MaxMind credentials found in the configuration file! GeoIp protections will be disabled.
[11-09 03:18:09]: [INFO] There is no newer GEO IP database uploaded to MaxMind. Using the old one for now.
[11-09 03:18:09]: [WARN] Could not download GeoLiteAPI database [FileNotFoundException]: plugins/AuthMe/GeoLite2-Country.mmdb (No such file or directory)
[11-09 03:18:09]: java.io.FileNotFoundException: plugins/AuthMe/GeoLite2-Country.mmdb (No such file or directory)
	at java.base/java.io.RandomAccessFile.open0(Native Method)
	at java.base/java.io.RandomAccessFile.open(RandomAccessFile.java:344)
	at java.base/java.io.RandomAccessFile.<init>(RandomAccessFile.java:259)
	at java.base/java.io.RandomAccessFile.<init>(RandomAccessFile.java:213)
	at fr.xephi.authme.libs.com.maxmind.db.BufferHolder.<init>(BufferHolder.java:20)
	at fr.xephi.authme.libs.com.maxmind.db.Reader.<init>(Reader.java:121)
	at fr.xephi.authme.service.GeoIpService.startReading(GeoIpService.java:173)
	at fr.xephi.authme.service.GeoIpService.updateDatabase(GeoIpService.java:144)
	at org.bukkit.craftbukkit.v1_20_R1.scheduler.CraftTask.run(CraftTask.java:82)
	at org.bukkit.craftbukkit.v1_20_R1.scheduler.CraftAsyncTask.run(CraftAsyncTask.java:54)
	at java.base/java.util.concurrent.ThreadPoolExecutor.runWorker(ThreadPoolExecutor.java:1136)
	at java.base/java.util.concurrent.ThreadPoolExecutor$Worker.run(ThreadPoolExecutor.java:635)
	at java.base/java.lang.Thread.run(Thread.java:840)

[11-09 03:19:00]: [FINE] JaduMC logged in 181.112.84.155
[11-09 04:57:46]: [FINE] JaduMC logged in 181.112.84.155
[11-09 04:59:42]: [FINE] JaduMC logged in 181.112.84.155
[11-09 05:00:30]: [FINE] JaduMC logged in 181.112.84.155
[11-09 05:12:26]: [FINE] JaduMC logged in 181.112.84.155
[11-09 17:04:51]: [FINE] huevoncho logged in 181.171.175.24
[11-09 17:27:49]: [FINE] JaduMC logged in 181.112.85.64
[11-09 19:01:21]: [FINE] huevoncho logged in 181.171.175.24
[11-09 19:02:05]: [FINE] huevoncho logged in 181.171.175.24
[11-09 19:02:54]: [FINE] huevoncho logged in 181.171.175.24
[11-09 19:05:58]: [FINE] huevoncho logged in 181.171.175.24
[11-09 20:44:25]: [FINE] huevoncho logged in 181.171.175.24
[11-09 23:49:58]: [FINE] huevoncho logged in 181.171.175.24
[11-09 23:51:04]: [FINE] huevoncho logged in 181.171.175.24
[11-09 23:52:09]: [FINE] huevoncho logged in 181.171.175.24
[11-09 23:52:57]: [FINE] huevoncho logged in 181.171.175.24
[11-09 23:53:48]: [FINE] huevoncho logged in 181.171.175.24
[11-09 23:54:26]: [FINE] dantepro1126 registered 190.17.94.87
[11-09 23:54:26]: [FINE] dantepro1126 logged in 190.17.94.87
[11-09 23:56:08]: [FINE] JaduMC logged in 181.112.84.47
[11-10 01:22:10]: [FINE] dantepro1126 used the wrong password
[11-10 01:22:21]: [FINE] dantepro1126 logged in 190.17.94.87
[11-10 01:22:40]: [FINE] huevoncho logged in 181.171.175.24
[11-10 01:23:58]: [FINE] huevoncho logged in 181.171.175.24
[11-10 01:24:41]: [FINE] huevoncho used the wrong password
[11-10 01:24:52]: [FINE] huevoncho logged in 181.171.175.24
[11-10 01:25:39]: [FINE] huevoncho logged in 181.171.175.24
[11-10 01:53:31]: [FINE] JaduMC logged in 181.112.84.47
[11-10 02:09:14]: [FINE] dantepro1126 used the wrong password
[11-10 02:09:23]: [FINE] dantepro1126 used the wrong password
[11-10 02:09:30]: [FINE] dantepro1126 logged in 190.17.94.87
[11-10 02:10:25]: [FINE] dantepro1126 logged in 190.17.94.87
[11-10 02:12:31]: [FINE] dantepro1126 logged in 190.17.94.87
[11-10 02:25:20]: [FINE] dantepro1126 logged in 190.17.94.87
[11-10 02:32:49]: [FINE] huevoncho logged in 181.171.175.24
[11-10 02:33:40]: [FINE] huevoncho logged in 181.171.175.24
[11-10 03:44:52]: [FINE] VincsMC registered 45.236.28.69
[11-10 03:44:52]: [FINE] VincsMC logged in 45.236.28.69
[11-10 03:45:52]: [FINE] VincsMC logged in 45.236.28.69
[11-10 03:54:30]: [FINE] VincsMC logged in 45.236.28.69
[11-10 03:59:12]: [FINE] VincsMC logged in 45.236.28.69
[11-10 04:09:22]: [FINE] VincsMC logged in 45.236.28.69
[11-10 04:15:01]: [FINE] VincsMC logged in 45.236.28.69
[11-10 11:20:59]: [FINE] huevoncho logged in 181.171.175.24
[11-10 14:19:17]: [INFO] AuthMe 5.6.0-beta2-b2453 disabled!
[11-10 14:23:07]: [INFO] SQLite Setup finished
[11-10 14:23:07]: [INFO] Hooked into LuckPerms!
[11-10 14:23:07]: [INFO] Hooked successfully into Essentials
[11-10 14:23:07]: [INFO] AuthMe 5.6.0-beta2 build n.2453 successfully enabled!
[11-10 14:23:11]: [INFO] Downloading GEO IP database, because the old database is older than 30 days or doesn't exist
[11-10 14:23:11]: [WARN] No MaxMind credentials found in the configuration file! GeoIp protections will be disabled.
[11-10 14:23:11]: [INFO] There is no newer GEO IP database uploaded to MaxMind. Using the old one for now.
[11-10 14:23:11]: [WARN] Could not download GeoLiteAPI database [FileNotFoundException]: plugins/AuthMe/GeoLite2-Country.mmdb (No such file or directory)
[11-10 14:23:11]: java.io.FileNotFoundException: plugins/AuthMe/GeoLite2-Country.mmdb (No such file or directory)
	at java.base/java.io.RandomAccessFile.open0(Native Method)
	at java.base/java.io.RandomAccessFile.open(RandomAccessFile.java:344)
	at java.base/java.io.RandomAccessFile.<init>(RandomAccessFile.java:259)
	at java.base/java.io.RandomAccessFile.<init>(RandomAccessFile.java:213)
	at fr.xephi.authme.libs.com.maxmind.db.BufferHolder.<init>(BufferHolder.java:20)
	at fr.xephi.authme.libs.com.maxmind.db.Reader.<init>(Reader.java:121)
	at fr.xephi.authme.service.GeoIpService.startReading(GeoIpService.java:173)
	at fr.xephi.authme.service.GeoIpService.updateDatabase(GeoIpService.java:144)
	at org.bukkit.craftbukkit.v1_20_R1.scheduler.CraftTask.run(CraftTask.java:82)
	at org.bukkit.craftbukkit.v1_20_R1.scheduler.CraftAsyncTask.run(CraftAsyncTask.java:54)
	at java.base/java.util.concurrent.ThreadPoolExecutor.runWorker(ThreadPoolExecutor.java:1136)
	at java.base/java.util.concurrent.ThreadPoolExecutor$Worker.run(ThreadPoolExecutor.java:635)
	at java.base/java.lang.Thread.run(Thread.java:840)

[11-10 14:24:02]: [FINE] JaduMC logged in 181.112.84.47
[11-10 14:57:10]: [INFO] AuthMe 5.6.0-beta2-b2453 disabled!
[11-10 15:00:42]: [INFO] SQLite Setup finished
[11-10 15:00:42]: [INFO] Hooked into LuckPerms!
[11-10 15:00:42]: [INFO] Hooked successfully into Essentials
[11-10 15:00:42]: [INFO] AuthMe 5.6.0-beta2 build n.2453 successfully enabled!
[11-10 15:00:46]: [INFO] Downloading GEO IP database, because the old database is older than 30 days or doesn't exist
[11-10 15:00:46]: [WARN] No MaxMind credentials found in the configuration file! GeoIp protections will be disabled.
[11-10 15:00:46]: [INFO] There is no newer GEO IP database uploaded to MaxMind. Using the old one for now.
[11-10 15:00:46]: [WARN] Could not download GeoLiteAPI database [FileNotFoundException]: plugins/AuthMe/GeoLite2-Country.mmdb (No such file or directory)
[11-10 15:00:46]: java.io.FileNotFoundException: plugins/AuthMe/GeoLite2-Country.mmdb (No such file or directory)
	at java.base/java.io.RandomAccessFile.open0(Native Method)
	at java.base/java.io.RandomAccessFile.open(RandomAccessFile.java:344)
	at java.base/java.io.RandomAccessFile.<init>(RandomAccessFile.java:259)
	at java.base/java.io.RandomAccessFile.<init>(RandomAccessFile.java:213)
	at fr.xephi.authme.libs.com.maxmind.db.BufferHolder.<init>(BufferHolder.java:20)
	at fr.xephi.authme.libs.com.maxmind.db.Reader.<init>(Reader.java:121)
	at fr.xephi.authme.service.GeoIpService.startReading(GeoIpService.java:173)
	at fr.xephi.authme.service.GeoIpService.updateDatabase(GeoIpService.java:144)
	at org.bukkit.craftbukkit.v1_20_R1.scheduler.CraftTask.run(CraftTask.java:82)
	at org.bukkit.craftbukkit.v1_20_R1.scheduler.CraftAsyncTask.run(CraftAsyncTask.java:54)
	at java.base/java.util.concurrent.ThreadPoolExecutor.runWorker(ThreadPoolExecutor.java:1136)
	at java.base/java.util.concurrent.ThreadPoolExecutor$Worker.run(ThreadPoolExecutor.java:635)
	at java.base/java.lang.Thread.run(Thread.java:840)

[11-10 15:04:34]: [INFO] AuthMe 5.6.0-beta2-b2453 disabled!
[11-10 15:07:58]: [INFO] SQLite Setup finished
[11-10 15:07:58]: [INFO] Hooked into LuckPerms!
[11-10 15:07:58]: [INFO] Hooked successfully into Essentials
[11-10 15:07:59]: [INFO] AuthMe 5.6.0-beta2 build n.2453 successfully enabled!
[11-10 15:08:02]: [INFO] Downloading GEO IP database, because the old database is older than 30 days or doesn't exist
[11-10 15:08:02]: [WARN] No MaxMind credentials found in the configuration file! GeoIp protections will be disabled.
[11-10 15:08:02]: [INFO] There is no newer GEO IP database uploaded to MaxMind. Using the old one for now.
[11-10 15:08:02]: [WARN] Could not download GeoLiteAPI database [FileNotFoundException]: plugins/AuthMe/GeoLite2-Country.mmdb (No such file or directory)
[11-10 15:08:02]: java.io.FileNotFoundException: plugins/AuthMe/GeoLite2-Country.mmdb (No such file or directory)
	at java.base/java.io.RandomAccessFile.open0(Native Method)
	at java.base/java.io.RandomAccessFile.open(RandomAccessFile.java:344)
	at java.base/java.io.RandomAccessFile.<init>(RandomAccessFile.java:259)
	at java.base/java.io.RandomAccessFile.<init>(RandomAccessFile.java:213)
	at fr.xephi.authme.libs.com.maxmind.db.BufferHolder.<init>(BufferHolder.java:20)
	at fr.xephi.authme.libs.com.maxmind.db.Reader.<init>(Reader.java:121)
	at fr.xephi.authme.service.GeoIpService.startReading(GeoIpService.java:173)
	at fr.xephi.authme.service.GeoIpService.updateDatabase(GeoIpService.java:144)
	at org.bukkit.craftbukkit.v1_20_R1.scheduler.CraftTask.run(CraftTask.java:82)
	at org.bukkit.craftbukkit.v1_20_R1.scheduler.CraftAsyncTask.run(CraftAsyncTask.java:54)
	at java.base/java.util.concurrent.ThreadPoolExecutor.runWorker(ThreadPoolExecutor.java:1136)
	at java.base/java.util.concurrent.ThreadPoolExecutor$Worker.run(ThreadPoolExecutor.java:635)
	at java.base/java.lang.Thread.run(Thread.java:840)

[11-10 15:08:23]: [FINE] JaduMC logged in 181.112.84.47
[11-10 17:01:35]: [FINE] huevoncho logged in 181.171.175.24
[11-10 17:02:57]: [FINE] huevoncho logged in 181.171.175.24
[11-10 17:38:31]: [FINE] huevoncho logged in 181.171.175.24
[11-10 17:39:13]: [FINE] huevoncho logged in 181.171.175.24
[11-10 17:39:56]: [FINE] huevoncho logged in 181.171.175.24
[11-10 17:42:19]: [FINE] huevoncho logged in 181.171.175.24
[11-10 17:43:17]: [FINE] huevoncho logged in 181.171.175.24
[11-10 17:44:24]: [FINE] JaduMC logged in 181.112.84.47
[11-10 17:47:16]: [FINE] huevoncho logged in 181.171.175.24
[11-10 17:48:10]: [FINE] huevoncho logged in 181.171.175.24
[11-10 17:49:51]: [FINE] huevoncho logged in 181.171.175.24
[11-10 17:50:39]: [FINE] huevoncho logged in 181.171.175.24
[11-10 18:41:42]: [FINE] JaduMC logged in 181.112.84.47
[11-10 23:40:22]: [FINE] huevoncho logged in 181.171.175.24
[11-10 23:41:25]: [FINE] huevoncho logged in 181.171.175.24
[11-10 23:54:53]: [FINE] huevoncho logged in 181.171.175.24
[11-10 23:55:39]: [FINE] huevoncho logged in 181.171.175.24
[11-10 23:56:29]: [FINE] huevoncho logged in 181.171.175.24
[11-11 00:00:42]: [FINE] huevoncho logged in 181.171.175.24
[11-11 00:08:00]: [FINE] huevoncho logged in 181.171.175.24
[11-11 00:23:47]: [FINE] dantepro1126 logged in 190.17.94.87
[11-11 00:28:39]: [FINE] huevoncho logged in 181.171.175.24
[11-11 00:34:31]: [FINE] gordoraviol registered 181.230.29.161
[11-11 00:34:32]: [FINE] gordoraviol logged in 181.230.29.161
[11-11 00:35:32]: [FINE] JaduMC logged in 181.112.84.47
[11-11 00:47:20]: [FINE] gordoraviol logged in 181.230.29.161
[11-11 01:03:32]: [FINE] Ibrahim_24 registered 179.51.142.2
[11-11 01:03:33]: [FINE] Ibrahim_24 logged in 179.51.142.2
[11-11 01:26:33]: [FINE] gordoraviol logged in 181.230.29.161
[11-11 01:43:10]: [FINE] Ibrahim_24 logged in 179.51.142.2
[11-11 03:24:37]: [FINE] dantepro1126 logged in 190.17.94.87
[11-11 03:25:22]: [FINE] dantepro1126 logged in 190.17.94.87
[11-11 03:29:57]: [FINE] gordoraviol logged in 181.230.29.161
[11-11 03:31:04]: [FINE] huevoncho logged in 181.171.175.24
[11-11 13:52:56]: [FINE] Ibrahim_24 logged in 179.51.142.2
[11-11 16:13:02]: [FINE] JaduMC logged in 181.112.84.47
[11-11 16:18:05]: [FINE] Ibrahim_24 logged in 179.51.142.2
[11-11 17:07:39]: [FINE] gordoraviol logged in 181.230.29.161
[11-11 17:14:16]: [FINE] Ibrahim_24 used the wrong password
[11-11 17:14:24]: [FINE] Ibrahim_24 logged in 179.51.142.2
[11-11 17:48:52]: [FINE] Ibrahim_24 logged in 179.51.142.2
[11-11 18:21:37]: [INFO] AuthMe 5.6.0-beta2-b2453 disabled!
[11-11 18:25:44]: [INFO] SQLite Setup finished
[11-11 18:25:44]: [INFO] Hooked into LuckPerms!
[11-11 18:25:45]: [INFO] Hooked successfully into Essentials
[11-11 18:25:45]: [INFO] AuthMe 5.6.0-beta2 build n.2453 successfully enabled!
[11-11 18:25:49]: [INFO] Downloading GEO IP database, because the old database is older than 30 days or doesn't exist
[11-11 18:25:49]: [WARN] No MaxMind credentials found in the configuration file! GeoIp protections will be disabled.
[11-11 18:25:49]: [INFO] There is no newer GEO IP database uploaded to MaxMind. Using the old one for now.
[11-11 18:25:49]: [WARN] Could not download GeoLiteAPI database [FileNotFoundException]: plugins/AuthMe/GeoLite2-Country.mmdb (No such file or directory)
[11-11 18:25:49]: java.io.FileNotFoundException: plugins/AuthMe/GeoLite2-Country.mmdb (No such file or directory)
	at java.base/java.io.RandomAccessFile.open0(Native Method)
	at java.base/java.io.RandomAccessFile.open(RandomAccessFile.java:344)
	at java.base/java.io.RandomAccessFile.<init>(RandomAccessFile.java:259)
	at java.base/java.io.RandomAccessFile.<init>(RandomAccessFile.java:213)
	at fr.xephi.authme.libs.com.maxmind.db.BufferHolder.<init>(BufferHolder.java:20)
	at fr.xephi.authme.libs.com.maxmind.db.Reader.<init>(Reader.java:121)
	at fr.xephi.authme.service.GeoIpService.startReading(GeoIpService.java:173)
	at fr.xephi.authme.service.GeoIpService.updateDatabase(GeoIpService.java:144)
	at org.bukkit.craftbukkit.v1_20_R1.scheduler.CraftTask.run(CraftTask.java:82)
	at org.bukkit.craftbukkit.v1_20_R1.scheduler.CraftAsyncTask.run(CraftAsyncTask.java:54)
	at java.base/java.util.concurrent.ThreadPoolExecutor.runWorker(ThreadPoolExecutor.java:1136)
	at java.base/java.util.concurrent.ThreadPoolExecutor$Worker.run(ThreadPoolExecutor.java:635)
	at java.base/java.lang.Thread.run(Thread.java:840)

[11-11 19:14:16]: [FINE] huevoncho logged in 181.171.175.24
[11-11 19:32:50]: [FINE] gordoraviol used the wrong password
[11-11 19:33:02]: [FINE] gordoraviol logged in 181.230.29.161
[11-11 20:06:39]: [FINE] Ibrahim_24 logged in 179.51.142.2
[11-11 20:42:51]: [FINE] huevoncho logged in 181.171.175.24
[11-11 20:43:52]: [FINE] huevoncho logged in 181.171.175.24
[11-11 20:46:23]: [FINE] huevoncho logged in 181.171.175.24
[11-11 20:47:04]: [FINE] huevoncho logged in 181.171.175.24
[11-11 20:50:08]: [FINE] huevoncho logged in 181.171.175.24
[11-11 20:51:12]: [FINE] huevoncho logged in 181.171.175.24
[11-11 20:52:13]: [FINE] huevoncho logged in 181.171.175.24
[11-11 20:52:58]: [FINE] huevoncho logged in 181.171.175.24
[11-11 21:00:52]: [FINE] huevoncho logged in 181.171.175.24
[11-11 21:01:49]: [FINE] huevoncho logged in 181.171.175.24
[11-11 21:57:40]: [FINE] Ibrahim_24 logged in 179.51.142.2
[11-11 22:07:19]: [FINE] JaduMC logged in 181.112.84.47
[11-11 22:25:19]: [FINE] JaduMC logged in 186.178.112.167
[11-11 22:31:43]: [INFO] SQLite Setup finished
[11-11 22:31:43]: [INFO] Unhooked from Permissions!
[11-11 22:31:43]: [INFO] Hooked into LuckPerms!
[11-11 22:31:44]: [INFO] Added 1 missing keys to your messages_xx.yml file: [error.kick_unresolved_hostname]
[11-11 22:32:04]: [FINE] JaduMC logged in 186.178.112.167
[11-11 22:32:42]: [FINE] JaduMC logged in 186.178.112.167
[11-11 22:36:38]: [INFO] SQLite Setup finished
[11-11 22:36:38]: [INFO] Unhooked from Permissions!
[11-11 22:36:38]: [INFO] Hooked into LuckPerms!
[11-11 22:36:56]: [FINE] JaduMC logged in 186.178.112.167
[11-11 22:39:35]: [FINE] JaduMC logged in 186.178.112.167
[11-11 22:41:29]: [FINE] huevoncho used the wrong password
[11-11 22:41:39]: [FINE] huevoncho logged in 181.171.175.24
[11-11 22:41:58]: [FINE] JaduMC logged in 186.178.112.167
[11-11 22:42:25]: [FINE] huevoncho logged in 181.171.175.24
[11-11 22:55:07]: [INFO] SQLite Setup finished
[11-11 22:55:07]: [INFO] Unhooked from Permissions!
[11-11 22:55:07]: [INFO] Hooked into LuckPerms!
[11-11 22:55:30]: [FINE] JaduMC logged in 186.178.112.167
[11-11 22:55:54]: [FINE] JaduMC logged in 186.178.112.167
[11-11 22:58:05]: [INFO] SQLite Setup finished
[11-11 22:58:05]: [INFO] Unhooked from Permissions!
[11-11 22:58:05]: [INFO] Hooked into LuckPerms!
[11-11 22:58:16]: [FINE] JaduMC logged in 186.178.112.167
[11-11 22:59:47]: [INFO] SQLite Setup finished
[11-11 22:59:47]: [INFO] Unhooked from Permissions!
[11-11 22:59:47]: [INFO] Hooked into LuckPerms!
[11-11 22:59:58]: [FINE] JaduMC logged in 186.178.112.167
[11-11 23:10:27]: [FINE] JaduMC logged in 186.178.112.167
[11-12 00:52:35]: [FINE] Ibrahim_24 logged in 179.51.142.2
[11-12 00:53:23]: [FINE] Ibrahim_24 logged in 179.51.142.2
[11-12 06:41:39]: [FINE] dantepro1126 logged in 190.17.94.87
[11-12 07:03:01]: [FINE] dantepro1126 logged in 190.17.94.87
[11-12 07:03:44]: [FINE] dantepro1126 logged in 190.17.94.87
[11-12 14:25:01]: [FINE] huevoncho logged in 170.246.176.234
[11-12 17:07:44]: [FINE] dantepro1126 logged in 190.17.94.87
[11-12 17:55:32]: [FINE] dantepro1126 logged in 190.17.94.87
[11-12 19:29:20]: [FINE] dantepro1126 logged in 190.17.94.87
[11-12 19:44:05]: [FINE] JaduMC logged in 186.178.112.167
[11-12 20:57:31]: [FINE] Nick_Games registered 186.14.121.23
[11-12 20:57:31]: [FINE] Nick_Games logged in 186.14.121.23
[11-12 21:00:32]: [FINE] Nick_Games logged in 186.14.121.23
[11-12 21:24:51]: [FINE] Ibrahim_24 logged in 179.51.142.2
[11-12 22:02:38]: [FINE] JaduMC logged in 186.178.112.167
[11-12 22:17:02]: [FINE] Nick_Games logged in 186.14.121.23
[11-12 23:14:57]: [FINE] Ibrahim_24 logged in 179.51.142.2
[11-12 23:21:06]: [FINE] Bryan_14 registered 179.51.142.6
[11-12 23:21:06]: [FINE] Bryan_14 logged in 179.51.142.6
[11-12 23:54:28]: [FINE] Ibrahim_24 logged in 179.51.142.2
[11-13 00:35:29]: [FINE] huevoncho logged in 181.171.175.24
[11-13 02:29:38]: [FINE] JaduMC logged in 186.178.112.167
[11-13 03:04:57]: [INFO] SQLite Setup finished
[11-13 03:04:57]: [INFO] Unhooked from Permissions!
[11-13 03:04:57]: [INFO] Hooked into LuckPerms!
[11-13 03:05:25]: [FINE] Dinavp registered 186.178.112.167
[11-13 03:05:25]: [FINE] The user Dinavp has 2 accounts:
[11-13 03:05:25]: [FINE] 7aJaduMC7, aDinavp7.
[11-13 03:05:25]: [FINE] Dinavp logged in 186.178.112.167
[11-13 04:45:47]: [FINE] Dinavp used the wrong password
[11-13 04:46:10]: [FINE] The user Dinavp has 2 accounts:
[11-13 04:46:10]: [FINE] 7jadumc, aDinavp7.
[11-13 04:46:10]: [FINE] Dinavp logged in 186.178.112.167
[11-13 04:49:04]: [FINE] The user JaduMC has 2 accounts:
[11-13 04:49:04]: [FINE] 7aJaduMC7, aDinavp7.
[11-13 04:49:04]: [FINE] JaduMC logged in 186.178.112.167
[11-13 05:09:47]: [INFO] AuthMe 5.6.0-beta2-b2453 disabled!
[11-13 05:14:00]: [INFO] SQLite Setup finished
[11-13 05:14:00]: [INFO] Hooked into LuckPerms!
[11-13 05:14:01]: [INFO] Hooked successfully into Essentials
[11-13 05:14:01]: [INFO] AuthMe 5.6.0-beta2 build n.2453 successfully enabled!
[11-13 05:14:07]: [INFO] Downloading GEO IP database, because the old database is older than 30 days or doesn't exist
[11-13 05:14:07]: [WARN] No MaxMind credentials found in the configuration file! GeoIp protections will be disabled.
[11-13 05:14:07]: [INFO] There is no newer GEO IP database uploaded to MaxMind. Using the old one for now.
[11-13 05:14:07]: [WARN] Could not download GeoLiteAPI database [FileNotFoundException]: plugins/AuthMe/GeoLite2-Country.mmdb (No such file or directory)
[11-13 05:14:07]: java.io.FileNotFoundException: plugins/AuthMe/GeoLite2-Country.mmdb (No such file or directory)
	at java.base/java.io.RandomAccessFile.open0(Native Method)
	at java.base/java.io.RandomAccessFile.open(RandomAccessFile.java:344)
	at java.base/java.io.RandomAccessFile.<init>(RandomAccessFile.java:259)
	at java.base/java.io.RandomAccessFile.<init>(RandomAccessFile.java:213)
	at fr.xephi.authme.libs.com.maxmind.db.BufferHolder.<init>(BufferHolder.java:20)
	at fr.xephi.authme.libs.com.maxmind.db.Reader.<init>(Reader.java:121)
	at fr.xephi.authme.service.GeoIpService.startReading(GeoIpService.java:173)
	at fr.xephi.authme.service.GeoIpService.updateDatabase(GeoIpService.java:144)
	at org.bukkit.craftbukkit.v1_20_R1.scheduler.CraftTask.run(CraftTask.java:82)
	at org.bukkit.craftbukkit.v1_20_R1.scheduler.CraftAsyncTask.run(CraftAsyncTask.java:54)
	at java.base/java.util.concurrent.ThreadPoolExecutor.runWorker(ThreadPoolExecutor.java:1136)
	at java.base/java.util.concurrent.ThreadPoolExecutor$Worker.run(ThreadPoolExecutor.java:635)
	at java.base/java.lang.Thread.run(Thread.java:840)

[11-13 05:14:44]: [FINE] The user JaduMC has 2 accounts:
[11-13 05:14:44]: [FINE] 7aJaduMC7, dinavp.
[11-13 05:14:44]: [FINE] JaduMC logged in 186.178.112.167
[11-13 05:15:39]: [FINE] The user Dinavp has 2 accounts:
[11-13 05:15:39]: [FINE] 7aJaduMC7, aDinavp7.
[11-13 05:15:39]: [FINE] Dinavp logged in 186.178.112.167
[11-13 12:28:04]: [FINE] huevoncho logged in 181.171.175.24
[11-13 17:13:14]: [FINE] huevoncho logged in 181.171.175.24
[11-13 17:21:24]: [FINE] JaduMC logged in 181.112.84.91
[11-13 18:18:08]: [FINE] huevoncho used the wrong password
[11-13 18:18:20]: [FINE] huevoncho logged in 181.171.175.24
[11-13 18:32:48]: [INFO] AuthMe 5.6.0-beta2-b2453 disabled!
[11-13 18:36:33]: [INFO] SQLite Setup finished
[11-13 18:36:33]: [INFO] Hooked into LuckPerms!
[11-13 18:36:33]: [INFO] Hooked successfully into Essentials
[11-13 18:36:34]: [INFO] AuthMe 5.6.0-beta2 build n.2453 successfully enabled!
[11-13 18:36:37]: [INFO] Downloading GEO IP database, because the old database is older than 30 days or doesn't exist
[11-13 18:36:37]: [WARN] No MaxMind credentials found in the configuration file! GeoIp protections will be disabled.
[11-13 18:36:37]: [INFO] There is no newer GEO IP database uploaded to MaxMind. Using the old one for now.
[11-13 18:36:37]: [WARN] Could not download GeoLiteAPI database [FileNotFoundException]: plugins/AuthMe/GeoLite2-Country.mmdb (No such file or directory)
[11-13 18:36:37]: java.io.FileNotFoundException: plugins/AuthMe/GeoLite2-Country.mmdb (No such file or directory)
	at java.base/java.io.RandomAccessFile.open0(Native Method)
	at java.base/java.io.RandomAccessFile.open(RandomAccessFile.java:344)
	at java.base/java.io.RandomAccessFile.<init>(RandomAccessFile.java:259)
	at java.base/java.io.RandomAccessFile.<init>(RandomAccessFile.java:213)
	at fr.xephi.authme.libs.com.maxmind.db.BufferHolder.<init>(BufferHolder.java:20)
	at fr.xephi.authme.libs.com.maxmind.db.Reader.<init>(Reader.java:121)
	at fr.xephi.authme.service.GeoIpService.startReading(GeoIpService.java:173)
	at fr.xephi.authme.service.GeoIpService.updateDatabase(GeoIpService.java:144)
	at org.bukkit.craftbukkit.v1_20_R1.scheduler.CraftTask.run(CraftTask.java:82)
	at org.bukkit.craftbukkit.v1_20_R1.scheduler.CraftAsyncTask.run(CraftAsyncTask.java:54)
	at java.base/java.util.concurrent.ThreadPoolExecutor.runWorker(ThreadPoolExecutor.java:1136)
	at java.base/java.util.concurrent.ThreadPoolExecutor$Worker.run(ThreadPoolExecutor.java:635)
	at java.base/java.lang.Thread.run(Thread.java:840)

[11-13 18:37:24]: [FINE] JaduMC logged in 181.112.84.91
[11-13 18:43:56]: [INFO] AuthMe 5.6.0-beta2-b2453 disabled!
[11-13 18:47:19]: [INFO] SQLite Setup finished
[11-13 18:47:19]: [INFO] Hooked into LuckPerms!
[11-13 18:47:19]: [INFO] Hooked successfully into Essentials
[11-13 18:47:19]: [INFO] AuthMe 5.6.0-beta2 build n.2453 successfully enabled!
[11-13 18:47:23]: [INFO] Downloading GEO IP database, because the old database is older than 30 days or doesn't exist
[11-13 18:47:23]: [WARN] No MaxMind credentials found in the configuration file! GeoIp protections will be disabled.
[11-13 18:47:23]: [INFO] There is no newer GEO IP database uploaded to MaxMind. Using the old one for now.
[11-13 18:47:23]: [WARN] Could not download GeoLiteAPI database [FileNotFoundException]: plugins/AuthMe/GeoLite2-Country.mmdb (No such file or directory)
[11-13 18:47:23]: java.io.FileNotFoundException: plugins/AuthMe/GeoLite2-Country.mmdb (No such file or directory)
	at java.base/java.io.RandomAccessFile.open0(Native Method)
	at java.base/java.io.RandomAccessFile.open(RandomAccessFile.java:344)
	at java.base/java.io.RandomAccessFile.<init>(RandomAccessFile.java:259)
	at java.base/java.io.RandomAccessFile.<init>(RandomAccessFile.java:213)
	at fr.xephi.authme.libs.com.maxmind.db.BufferHolder.<init>(BufferHolder.java:20)
	at fr.xephi.authme.libs.com.maxmind.db.Reader.<init>(Reader.java:121)
	at fr.xephi.authme.service.GeoIpService.startReading(GeoIpService.java:173)
	at fr.xephi.authme.service.GeoIpService.updateDatabase(GeoIpService.java:144)
	at org.bukkit.craftbukkit.v1_20_R1.scheduler.CraftTask.run(CraftTask.java:82)
	at org.bukkit.craftbukkit.v1_20_R1.scheduler.CraftAsyncTask.run(CraftAsyncTask.java:54)
	at java.base/java.util.concurrent.ThreadPoolExecutor.runWorker(ThreadPoolExecutor.java:1136)
	at java.base/java.util.concurrent.ThreadPoolExecutor$Worker.run(ThreadPoolExecutor.java:635)
	at java.base/java.lang.Thread.run(Thread.java:840)

[11-13 18:47:36]: [FINE] JaduMC logged in 181.112.84.91
[11-13 18:49:03]: [FINE] JaduMC logged in 181.112.84.91
[11-13 18:49:15]: [INFO] SQLite Setup finished
[11-13 18:49:15]: [INFO] Unhooked from Permissions!
[11-13 18:49:15]: [INFO] Hooked into LuckPerms!
[11-13 18:49:30]: [FINE] JaduMC logged in 181.112.84.91
[11-13 18:50:49]: [INFO] SQLite Setup finished
[11-13 18:50:49]: [INFO] Unhooked from Permissions!
[11-13 18:50:49]: [INFO] Hooked into LuckPerms!
[11-13 18:51:15]: [FINE] JaduMC logged in 181.112.84.91
[11-13 18:53:25]: [INFO] SQLite Setup finished
[11-13 18:53:25]: [INFO] Unhooked from Permissions!
[11-13 18:53:25]: [INFO] Hooked into LuckPerms!
[11-13 18:53:42]: [FINE] JaduMC logged in 181.112.84.91
[11-13 19:07:04]: [FINE] JaduMC logged in 181.112.84.91
[11-13 19:19:53]: [FINE] The user Dinavp has 2 accounts:
[11-13 19:19:53]: [FINE] 7jadumc, aDinavp7.
[11-13 19:19:53]: [FINE] Dinavp logged in 181.112.84.91
[11-13 19:20:20]: [FINE] The user Dinavp has 2 accounts:
[11-13 19:20:20]: [FINE] 7jadumc, aDinavp7.
[11-13 19:20:20]: [FINE] Dinavp logged in 181.112.84.91
[11-13 20:37:28]: [FINE] The user JaduMC has 2 accounts:
[11-13 20:37:28]: [FINE] 7aJaduMC7, aDinavp7.
[11-13 20:37:28]: [FINE] JaduMC logged in 181.112.84.91
[11-13 20:54:11]: [FINE] The user JaduMC has 2 accounts:
[11-13 20:54:11]: [FINE] 7aJaduMC7, aDinavp7.
[11-13 20:54:11]: [FINE] JaduMC logged in 181.112.84.91
[11-13 22:16:29]: [FINE] Dinavp logged in 186.178.113.105
[11-13 23:54:36]: [FINE] huevoncho used the wrong password
[11-13 23:56:32]: [FINE] huevoncho logged in 181.230.24.71
[11-14 00:38:14]: [FINE] Dinavp logged in 186.178.113.105
[11-14 00:56:11]: [FINE] Dinavp logged in 186.178.113.105
[11-14 01:06:56]: [INFO] AuthMe 5.6.0-beta2-b2453 disabled!
[11-14 01:12:17]: [INFO] SQLite Setup finished
[11-14 01:12:18]: [INFO] Hooked into LuckPerms!
[11-14 01:12:18]: [INFO] Hooked successfully into Essentials
[11-14 01:12:18]: [INFO] AuthMe 5.6.0-beta2 build n.2453 successfully enabled!
[11-14 01:12:21]: [INFO] Downloading GEO IP database, because the old database is older than 30 days or doesn't exist
[11-14 01:12:21]: [WARN] No MaxMind credentials found in the configuration file! GeoIp protections will be disabled.
[11-14 01:12:21]: [INFO] There is no newer GEO IP database uploaded to MaxMind. Using the old one for now.
[11-14 01:12:21]: [WARN] Could not download GeoLiteAPI database [FileNotFoundException]: plugins/AuthMe/GeoLite2-Country.mmdb (No such file or directory)
[11-14 01:12:21]: java.io.FileNotFoundException: plugins/AuthMe/GeoLite2-Country.mmdb (No such file or directory)
	at java.base/java.io.RandomAccessFile.open0(Native Method)
	at java.base/java.io.RandomAccessFile.open(RandomAccessFile.java:344)
	at java.base/java.io.RandomAccessFile.<init>(RandomAccessFile.java:259)
	at java.base/java.io.RandomAccessFile.<init>(RandomAccessFile.java:213)
	at fr.xephi.authme.libs.com.maxmind.db.BufferHolder.<init>(BufferHolder.java:20)
	at fr.xephi.authme.libs.com.maxmind.db.Reader.<init>(Reader.java:121)
	at fr.xephi.authme.service.GeoIpService.startReading(GeoIpService.java:173)
	at fr.xephi.authme.service.GeoIpService.updateDatabase(GeoIpService.java:144)
	at org.bukkit.craftbukkit.v1_20_R1.scheduler.CraftTask.run(CraftTask.java:82)
	at org.bukkit.craftbukkit.v1_20_R1.scheduler.CraftAsyncTask.run(CraftAsyncTask.java:54)
	at java.base/java.util.concurrent.ThreadPoolExecutor.runWorker(ThreadPoolExecutor.java:1136)
	at java.base/java.util.concurrent.ThreadPoolExecutor$Worker.run(ThreadPoolExecutor.java:635)
	at java.base/java.lang.Thread.run(Thread.java:840)

[11-14 01:15:07]: [FINE] The user JaduMC has 2 accounts:
[11-14 01:15:07]: [FINE] 7aJaduMC7, dinavp.
[11-14 01:15:07]: [FINE] JaduMC logged in 186.178.113.105
[11-14 01:18:39]: [FINE] The user Dinavp has 2 accounts:
[11-14 01:18:39]: [FINE] 7aJaduMC7, aDinavp7.
[11-14 01:18:39]: [FINE] Dinavp logged in 186.178.113.105
[11-14 02:02:31]: [FINE] The user Dinavp has 2 accounts:
[11-14 02:02:31]: [FINE] 7jadumc, aDinavp7.
[11-14 02:02:31]: [FINE] Dinavp logged in 186.178.113.105
[11-14 17:24:47]: [FINE] huevoncho logged in 181.230.24.71
[11-14 17:57:36]: [FINE] huevoncho logged in 181.230.24.71
[11-14 22:56:31]: [FINE] huevoncho used the wrong password
[11-14 22:56:42]: [FINE] huevoncho logged in 181.230.24.71
[11-15 01:05:37]: [FINE] huevoncho used the wrong password
[11-15 01:05:49]: [FINE] huevoncho logged in 181.230.24.71
[11-15 02:11:35]: [FINE] huevoncho used the wrong password
[11-15 02:12:02]: [FINE] huevoncho logged in 181.230.24.71
[11-15 12:08:15]: [FINE] huevoncho logged in 181.230.24.71
[11-15 12:55:18]: [FINE] huevoncho logged in 181.230.24.71
[11-15 13:48:14]: [FINE] huevoncho logged in 181.230.24.71
[11-15 13:59:19]: [FINE] salva27145 registered 181.95.199.133
[11-15 13:59:19]: [FINE] salva27145 logged in 181.95.199.133
[11-15 18:03:13]: [FINE] huevoncho logged in 181.230.24.71
[11-15 18:36:05]: [INFO] AuthMe 5.6.0-beta2-b2453 disabled!
[11-15 18:39:55]: [INFO] SQLite Setup finished
[11-15 18:39:55]: [INFO] Hooked into LuckPerms!
[11-15 18:39:55]: [INFO] Hooked successfully into Essentials
[11-15 18:39:56]: [INFO] AuthMe 5.6.0-beta2 build n.2453 successfully enabled!
[11-15 18:40:00]: [INFO] Downloading GEO IP database, because the old database is older than 30 days or doesn't exist
[11-15 18:40:00]: [WARN] No MaxMind credentials found in the configuration file! GeoIp protections will be disabled.
[11-15 18:40:00]: [INFO] There is no newer GEO IP database uploaded to MaxMind. Using the old one for now.
[11-15 18:40:00]: [WARN] Could not download GeoLiteAPI database [FileNotFoundException]: plugins/AuthMe/GeoLite2-Country.mmdb (No such file or directory)
[11-15 18:40:00]: java.io.FileNotFoundException: plugins/AuthMe/GeoLite2-Country.mmdb (No such file or directory)
	at java.base/java.io.RandomAccessFile.open0(Native Method)
	at java.base/java.io.RandomAccessFile.open(RandomAccessFile.java:344)
	at java.base/java.io.RandomAccessFile.<init>(RandomAccessFile.java:259)
	at java.base/java.io.RandomAccessFile.<init>(RandomAccessFile.java:213)
	at fr.xephi.authme.libs.com.maxmind.db.BufferHolder.<init>(BufferHolder.java:20)
	at fr.xephi.authme.libs.com.maxmind.db.Reader.<init>(Reader.java:121)
	at fr.xephi.authme.service.GeoIpService.startReading(GeoIpService.java:173)
	at fr.xephi.authme.service.GeoIpService.updateDatabase(GeoIpService.java:144)
	at org.bukkit.craftbukkit.v1_20_R1.scheduler.CraftTask.run(CraftTask.java:82)
	at org.bukkit.craftbukkit.v1_20_R1.scheduler.CraftAsyncTask.run(CraftAsyncTask.java:54)
	at java.base/java.util.concurrent.ThreadPoolExecutor.runWorker(ThreadPoolExecutor.java:1136)
	at java.base/java.util.concurrent.ThreadPoolExecutor$Worker.run(ThreadPoolExecutor.java:635)
	at java.base/java.lang.Thread.run(Thread.java:840)

[11-15 18:41:11]: [FINE] JaduMC logged in 181.112.84.129
[11-15 19:02:27]: [FINE] huevoncho logged in 181.230.24.71
[11-15 19:03:36]: [INFO] AuthMe 5.6.0-beta2-b2453 disabled!
[11-15 19:07:06]: [INFO] SQLite Setup finished
[11-15 19:07:07]: [INFO] Hooked into LuckPerms!
[11-15 19:07:07]: [INFO] Hooked successfully into Essentials
[11-15 19:07:08]: [INFO] AuthMe 5.6.0-beta2 build n.2453 successfully enabled!
[11-15 19:07:12]: [INFO] Downloading GEO IP database, because the old database is older than 30 days or doesn't exist
[11-15 19:07:12]: [WARN] No MaxMind credentials found in the configuration file! GeoIp protections will be disabled.
[11-15 19:07:12]: [INFO] There is no newer GEO IP database uploaded to MaxMind. Using the old one for now.
[11-15 19:07:12]: [WARN] Could not download GeoLiteAPI database [FileNotFoundException]: plugins/AuthMe/GeoLite2-Country.mmdb (No such file or directory)
[11-15 19:07:12]: java.io.FileNotFoundException: plugins/AuthMe/GeoLite2-Country.mmdb (No such file or directory)
	at java.base/java.io.RandomAccessFile.open0(Native Method)
	at java.base/java.io.RandomAccessFile.open(RandomAccessFile.java:344)
	at java.base/java.io.RandomAccessFile.<init>(RandomAccessFile.java:259)
	at java.base/java.io.RandomAccessFile.<init>(RandomAccessFile.java:213)
	at fr.xephi.authme.libs.com.maxmind.db.BufferHolder.<init>(BufferHolder.java:20)
	at fr.xephi.authme.libs.com.maxmind.db.Reader.<init>(Reader.java:121)
	at fr.xephi.authme.service.GeoIpService.startReading(GeoIpService.java:173)
	at fr.xephi.authme.service.GeoIpService.updateDatabase(GeoIpService.java:144)
	at org.bukkit.craftbukkit.v1_20_R1.scheduler.CraftTask.run(CraftTask.java:82)
	at org.bukkit.craftbukkit.v1_20_R1.scheduler.CraftAsyncTask.run(CraftAsyncTask.java:54)
	at java.base/java.util.concurrent.ThreadPoolExecutor.runWorker(ThreadPoolExecutor.java:1136)
	at java.base/java.util.concurrent.ThreadPoolExecutor$Worker.run(ThreadPoolExecutor.java:635)
	at java.base/java.lang.Thread.run(Thread.java:840)

[11-15 19:08:08]: [FINE] JaduMC logged in 181.112.84.129
[11-15 19:10:05]: [FINE] huevoncho logged in 181.230.24.71
[11-15 19:10:20]: [FINE] gordoraviol used the wrong password
[11-15 19:10:37]: [FINE] gordoraviol used the wrong password
[11-15 19:10:54]: [FINE] gordoraviol logged in 181.230.29.161
[11-15 19:15:08]: [FINE] gordoraviol logged in 181.230.29.161
[11-15 19:26:43]: [FINE] gordoraviol logged in 181.230.29.161
[11-15 19:30:08]: [FINE] JaduMC logged in 181.112.84.129
[11-15 19:35:57]: [FINE] JaduMC logged in 181.112.84.129
[11-15 19:39:45]: [FINE] JaduMC logged in 181.112.84.129
[11-15 19:41:18]: [FINE] huevoncho logged in 181.230.24.71
[11-15 19:45:26]: [FINE] JaduMC logged in 186.178.113.3
[11-15 19:47:00]: [FINE] JaduMC logged in 186.178.113.3
[11-15 19:49:34]: [FINE] gordoraviol used the wrong password
[11-15 19:49:51]: [FINE] gordoraviol logged in 181.230.29.161
[11-15 20:20:31]: [FINE] JaduMC logged in 186.178.113.3
[11-15 20:24:18]: [INFO] AuthMe 5.6.0-beta2-b2453 disabled!
[11-15 20:27:46]: [INFO] SQLite Setup finished
[11-15 20:27:46]: [INFO] Hooked into LuckPerms!
[11-15 20:27:46]: [INFO] Hooked successfully into Essentials
[11-15 20:27:47]: [INFO] AuthMe 5.6.0-beta2 build n.2453 successfully enabled!
[11-15 20:27:50]: [INFO] Downloading GEO IP database, because the old database is older than 30 days or doesn't exist
[11-15 20:27:50]: [WARN] No MaxMind credentials found in the configuration file! GeoIp protections will be disabled.
[11-15 20:27:50]: [INFO] There is no newer GEO IP database uploaded to MaxMind. Using the old one for now.
[11-15 20:27:50]: [WARN] Could not download GeoLiteAPI database [FileNotFoundException]: plugins/AuthMe/GeoLite2-Country.mmdb (No such file or directory)
[11-15 20:27:50]: java.io.FileNotFoundException: plugins/AuthMe/GeoLite2-Country.mmdb (No such file or directory)
	at java.base/java.io.RandomAccessFile.open0(Native Method)
	at java.base/java.io.RandomAccessFile.open(RandomAccessFile.java:344)
	at java.base/java.io.RandomAccessFile.<init>(RandomAccessFile.java:259)
	at java.base/java.io.RandomAccessFile.<init>(RandomAccessFile.java:213)
	at fr.xephi.authme.libs.com.maxmind.db.BufferHolder.<init>(BufferHolder.java:20)
	at fr.xephi.authme.libs.com.maxmind.db.Reader.<init>(Reader.java:121)
	at fr.xephi.authme.service.GeoIpService.startReading(GeoIpService.java:173)
	at fr.xephi.authme.service.GeoIpService.updateDatabase(GeoIpService.java:144)
	at org.bukkit.craftbukkit.v1_20_R1.scheduler.CraftTask.run(CraftTask.java:82)
	at org.bukkit.craftbukkit.v1_20_R1.scheduler.CraftAsyncTask.run(CraftAsyncTask.java:54)
	at java.base/java.util.concurrent.ThreadPoolExecutor.runWorker(ThreadPoolExecutor.java:1136)
	at java.base/java.util.concurrent.ThreadPoolExecutor$Worker.run(ThreadPoolExecutor.java:635)
	at java.base/java.lang.Thread.run(Thread.java:840)

[11-15 20:30:05]: [FINE] JaduMC logged in 186.178.113.3
[11-15 20:31:12]: [INFO] AuthMe 5.6.0-beta2-b2453 disabled!
[11-15 20:35:02]: [INFO] SQLite Setup finished
[11-15 20:35:02]: [INFO] Hooked into LuckPerms!
[11-15 20:35:03]: [INFO] Hooked successfully into Essentials
[11-15 20:35:03]: [INFO] AuthMe 5.6.0-beta2 build n.2453 successfully enabled!
[11-15 20:35:08]: [INFO] Downloading GEO IP database, because the old database is older than 30 days or doesn't exist
[11-15 20:35:08]: [WARN] No MaxMind credentials found in the configuration file! GeoIp protections will be disabled.
[11-15 20:35:08]: [INFO] There is no newer GEO IP database uploaded to MaxMind. Using the old one for now.
[11-15 20:35:08]: [WARN] Could not download GeoLiteAPI database [FileNotFoundException]: plugins/AuthMe/GeoLite2-Country.mmdb (No such file or directory)
[11-15 20:35:08]: java.io.FileNotFoundException: plugins/AuthMe/GeoLite2-Country.mmdb (No such file or directory)
	at java.base/java.io.RandomAccessFile.open0(Native Method)
	at java.base/java.io.RandomAccessFile.open(RandomAccessFile.java:344)
	at java.base/java.io.RandomAccessFile.<init>(RandomAccessFile.java:259)
	at java.base/java.io.RandomAccessFile.<init>(RandomAccessFile.java:213)
	at fr.xephi.authme.libs.com.maxmind.db.BufferHolder.<init>(BufferHolder.java:20)
	at fr.xephi.authme.libs.com.maxmind.db.Reader.<init>(Reader.java:121)
	at fr.xephi.authme.service.GeoIpService.startReading(GeoIpService.java:173)
	at fr.xephi.authme.service.GeoIpService.updateDatabase(GeoIpService.java:144)
	at org.bukkit.craftbukkit.v1_20_R1.scheduler.CraftTask.run(CraftTask.java:82)
	at org.bukkit.craftbukkit.v1_20_R1.scheduler.CraftAsyncTask.run(CraftAsyncTask.java:54)
	at java.base/java.util.concurrent.ThreadPoolExecutor.runWorker(ThreadPoolExecutor.java:1136)
	at java.base/java.util.concurrent.ThreadPoolExecutor$Worker.run(ThreadPoolExecutor.java:635)
	at java.base/java.lang.Thread.run(Thread.java:840)

[11-15 20:35:21]: [FINE] JaduMC logged in 186.178.113.3
[11-15 21:01:58]: [FINE] JaduMC logged in 186.178.113.3
[11-15 22:51:49]: [FINE] JaduMC logged in 186.178.113.43
[11-16 00:25:00]: [FINE] dantepro1126 logged in 190.17.94.87
[11-16 15:44:42]: [FINE] Ibrahim_24 logged in 179.51.142.2
[11-16 16:22:45]: [INFO] AuthMe 5.6.0-beta2-b2453 disabled!
[11-16 16:26:28]: [INFO] SQLite Setup finished
[11-16 16:26:28]: [INFO] Hooked into LuckPerms!
[11-16 16:26:28]: [INFO] Hooked successfully into Essentials
[11-16 16:26:29]: [INFO] AuthMe 5.6.0-beta2 build n.2453 successfully enabled!
[11-16 16:26:34]: [INFO] Downloading GEO IP database, because the old database is older than 30 days or doesn't exist
[11-16 16:26:34]: [WARN] No MaxMind credentials found in the configuration file! GeoIp protections will be disabled.
[11-16 16:26:34]: [INFO] There is no newer GEO IP database uploaded to MaxMind. Using the old one for now.
[11-16 16:26:34]: [WARN] Could not download GeoLiteAPI database [FileNotFoundException]: plugins/AuthMe/GeoLite2-Country.mmdb (No such file or directory)
[11-16 16:26:34]: java.io.FileNotFoundException: plugins/AuthMe/GeoLite2-Country.mmdb (No such file or directory)
	at java.base/java.io.RandomAccessFile.open0(Native Method)
	at java.base/java.io.RandomAccessFile.open(RandomAccessFile.java:344)
	at java.base/java.io.RandomAccessFile.<init>(RandomAccessFile.java:259)
	at java.base/java.io.RandomAccessFile.<init>(RandomAccessFile.java:213)
	at fr.xephi.authme.libs.com.maxmind.db.BufferHolder.<init>(BufferHolder.java:20)
	at fr.xephi.authme.libs.com.maxmind.db.Reader.<init>(Reader.java:121)
	at fr.xephi.authme.service.GeoIpService.startReading(GeoIpService.java:173)
	at fr.xephi.authme.service.GeoIpService.updateDatabase(GeoIpService.java:144)
	at org.bukkit.craftbukkit.v1_20_R1.scheduler.CraftTask.run(CraftTask.java:82)
	at org.bukkit.craftbukkit.v1_20_R1.scheduler.CraftAsyncTask.run(CraftAsyncTask.java:54)
	at java.base/java.util.concurrent.ThreadPoolExecutor.runWorker(ThreadPoolExecutor.java:1136)
	at java.base/java.util.concurrent.ThreadPoolExecutor$Worker.run(ThreadPoolExecutor.java:635)
	at java.base/java.lang.Thread.run(Thread.java:840)

[11-16 16:29:03]: [FINE] JaduMC logged in 186.178.113.43
[11-16 16:32:36]: [FINE] JaduMC logged in 186.178.113.43
[11-16 16:33:50]: [INFO] AuthMe 5.6.0-beta2-b2453 disabled!
[11-16 16:42:05]: [INFO] SQLite Setup finished
[11-16 16:42:05]: [INFO] Hooked into LuckPerms!
[11-16 16:42:06]: [INFO] Hooked successfully into Essentials
[11-16 16:42:07]: [INFO] AuthMe 5.6.0-beta2 build n.2453 successfully enabled!
[11-16 16:42:11]: [INFO] Downloading GEO IP database, because the old database is older than 30 days or doesn't exist
[11-16 16:42:11]: [WARN] No MaxMind credentials found in the configuration file! GeoIp protections will be disabled.
[11-16 16:42:11]: [INFO] There is no newer GEO IP database uploaded to MaxMind. Using the old one for now.
[11-16 16:42:11]: [WARN] Could not download GeoLiteAPI database [FileNotFoundException]: plugins/AuthMe/GeoLite2-Country.mmdb (No such file or directory)
[11-16 16:42:11]: java.io.FileNotFoundException: plugins/AuthMe/GeoLite2-Country.mmdb (No such file or directory)
	at java.base/java.io.RandomAccessFile.open0(Native Method)
	at java.base/java.io.RandomAccessFile.open(RandomAccessFile.java:344)
	at java.base/java.io.RandomAccessFile.<init>(RandomAccessFile.java:259)
	at java.base/java.io.RandomAccessFile.<init>(RandomAccessFile.java:213)
	at fr.xephi.authme.libs.com.maxmind.db.BufferHolder.<init>(BufferHolder.java:20)
	at fr.xephi.authme.libs.com.maxmind.db.Reader.<init>(Reader.java:121)
	at fr.xephi.authme.service.GeoIpService.startReading(GeoIpService.java:173)
	at fr.xephi.authme.service.GeoIpService.updateDatabase(GeoIpService.java:144)
	at org.bukkit.craftbukkit.v1_20_R1.scheduler.CraftTask.run(CraftTask.java:82)
	at org.bukkit.craftbukkit.v1_20_R1.scheduler.CraftAsyncTask.run(CraftAsyncTask.java:54)
	at java.base/java.util.concurrent.ThreadPoolExecutor.runWorker(ThreadPoolExecutor.java:1136)
	at java.base/java.util.concurrent.ThreadPoolExecutor$Worker.run(ThreadPoolExecutor.java:635)
	at java.base/java.lang.Thread.run(Thread.java:840)

[11-16 16:45:19]: [FINE] JaduMC logged in 186.178.113.43
[11-16 16:50:04]: [FINE] JaduMC logged in 186.178.113.43
[11-16 17:21:19]: [FINE] huevoncho logged in 181.230.24.71
[11-16 17:42:10]: [FINE] JaduMC logged in 186.178.113.43
[11-16 17:57:00]: [FINE] JaduMC logged in 186.178.113.43
[11-16 18:05:00]: [FINE] huevoncho logged in 181.230.24.71
[11-16 18:23:57]: [INFO] AuthMe 5.6.0-beta2-b2453 disabled!
[11-16 18:27:46]: [INFO] SQLite Setup finished
[11-16 18:27:47]: [INFO] Hooked into LuckPerms!
[11-16 18:27:47]: [INFO] Hooked successfully into Essentials
[11-16 18:27:47]: [INFO] AuthMe 5.6.0-beta2 build n.2453 successfully enabled!
[11-16 18:27:51]: [INFO] Downloading GEO IP database, because the old database is older than 30 days or doesn't exist
[11-16 18:27:51]: [WARN] No MaxMind credentials found in the configuration file! GeoIp protections will be disabled.
[11-16 18:27:51]: [INFO] There is no newer GEO IP database uploaded to MaxMind. Using the old one for now.
[11-16 18:27:51]: [WARN] Could not download GeoLiteAPI database [FileNotFoundException]: plugins/AuthMe/GeoLite2-Country.mmdb (No such file or directory)
[11-16 18:27:51]: java.io.FileNotFoundException: plugins/AuthMe/GeoLite2-Country.mmdb (No such file or directory)
	at java.base/java.io.RandomAccessFile.open0(Native Method)
	at java.base/java.io.RandomAccessFile.open(RandomAccessFile.java:344)
	at java.base/java.io.RandomAccessFile.<init>(RandomAccessFile.java:259)
	at java.base/java.io.RandomAccessFile.<init>(RandomAccessFile.java:213)
	at fr.xephi.authme.libs.com.maxmind.db.BufferHolder.<init>(BufferHolder.java:20)
	at fr.xephi.authme.libs.com.maxmind.db.Reader.<init>(Reader.java:121)
	at fr.xephi.authme.service.GeoIpService.startReading(GeoIpService.java:173)
	at fr.xephi.authme.service.GeoIpService.updateDatabase(GeoIpService.java:144)
	at org.bukkit.craftbukkit.v1_20_R1.scheduler.CraftTask.run(CraftTask.java:82)
	at org.bukkit.craftbukkit.v1_20_R1.scheduler.CraftAsyncTask.run(CraftAsyncTask.java:54)
	at java.base/java.util.concurrent.ThreadPoolExecutor.runWorker(ThreadPoolExecutor.java:1136)
	at java.base/java.util.concurrent.ThreadPoolExecutor$Worker.run(ThreadPoolExecutor.java:635)
	at java.base/java.lang.Thread.run(Thread.java:840)

[11-16 18:28:09]: [FINE] JaduMC logged in 186.178.113.43
[11-16 18:39:49]: [FINE] huevoncho logged in 181.230.24.71
[11-16 21:11:42]: [FINE] JaduMC logged in 186.178.113.43
[11-18 18:47:16]: [INFO] AuthMe 5.6.0-beta2-b2453 disabled!
[11-18 18:52:11]: [INFO] SQLite Setup finished
[11-18 18:52:11]: [INFO] Hooked into LuckPerms!
[11-18 18:52:11]: [INFO] Hooked successfully into Essentials
[11-18 18:52:11]: [INFO] AuthMe 5.6.0-beta2 build n.2453 successfully enabled!
[11-18 18:52:16]: [INFO] Downloading GEO IP database, because the old database is older than 30 days or doesn't exist
[11-18 18:52:16]: [WARN] No MaxMind credentials found in the configuration file! GeoIp protections will be disabled.
[11-18 18:52:16]: [INFO] There is no newer GEO IP database uploaded to MaxMind. Using the old one for now.
[11-18 18:52:16]: [WARN] Could not download GeoLiteAPI database [FileNotFoundException]: plugins/AuthMe/GeoLite2-Country.mmdb (No such file or directory)
[11-18 18:52:16]: java.io.FileNotFoundException: plugins/AuthMe/GeoLite2-Country.mmdb (No such file or directory)
	at java.base/java.io.RandomAccessFile.open0(Native Method)
	at java.base/java.io.RandomAccessFile.open(RandomAccessFile.java:344)
	at java.base/java.io.RandomAccessFile.<init>(RandomAccessFile.java:259)
	at java.base/java.io.RandomAccessFile.<init>(RandomAccessFile.java:213)
	at fr.xephi.authme.libs.com.maxmind.db.BufferHolder.<init>(BufferHolder.java:20)
	at fr.xephi.authme.libs.com.maxmind.db.Reader.<init>(Reader.java:121)
	at fr.xephi.authme.service.GeoIpService.startReading(GeoIpService.java:173)
	at fr.xephi.authme.service.GeoIpService.updateDatabase(GeoIpService.java:144)
	at org.bukkit.craftbukkit.v1_20_R1.scheduler.CraftTask.run(CraftTask.java:82)
	at org.bukkit.craftbukkit.v1_20_R1.scheduler.CraftAsyncTask.run(CraftAsyncTask.java:54)
	at java.base/java.util.concurrent.ThreadPoolExecutor.runWorker(ThreadPoolExecutor.java:1136)
	at java.base/java.util.concurrent.ThreadPoolExecutor$Worker.run(ThreadPoolExecutor.java:635)
	at java.base/java.lang.Thread.run(Thread.java:840)

[11-18 23:51:45]: [FINE] huevoncho logged in 181.230.24.71
[11-19 00:55:52]: [FINE] huevoncho logged in 181.230.24.71
[11-19 00:57:21]: [FINE] The user dantepro1126 has 2 accounts:
[11-19 00:57:21]: [FINE] 7ahuevoncho7, adantepro11267.
[11-19 00:57:21]: [FINE] dantepro1126 logged in 181.230.24.71
[11-19 01:02:17]: [FINE] The user dantepro1126 has 2 accounts:
[11-19 01:02:17]: [FINE] 7ahuevoncho7, adantepro11267.
[11-19 01:02:17]: [FINE] dantepro1126 logged in 181.230.24.71
[11-19 01:02:44]: [FINE] The user dantepro1126 has 2 accounts:
[11-19 01:02:44]: [FINE] 7ahuevoncho7, adantepro11267.
[11-19 01:02:44]: [FINE] dantepro1126 logged in 181.230.24.71
[11-19 01:04:22]: [FINE] The user dantepro1126 has 2 accounts:
[11-19 01:04:22]: [FINE] 7ahuevoncho7, adantepro11267.
[11-19 01:04:22]: [FINE] dantepro1126 logged in 181.230.24.71
[11-19 01:23:13]: [FINE] The user dantepro1126 has 2 accounts:
[11-19 01:23:13]: [FINE] 7ahuevoncho7, adantepro11267.
[11-19 01:23:13]: [FINE] dantepro1126 logged in 181.230.24.71
[11-19 14:09:46]: [FINE] The user huevoncho has 2 accounts:
[11-19 14:09:46]: [FINE] 7ahuevoncho7, dantepro1126.
[11-19 14:09:46]: [FINE] huevoncho logged in 181.230.24.71
[11-20 13:00:36]: [FINE] The user huevoncho has 2 accounts:
[11-20 13:00:36]: [FINE] 7ahuevoncho7, dantepro1126.
[11-20 13:00:36]: [FINE] huevoncho logged in 181.230.24.71
[11-20 13:50:43]: [FINE] The user huevoncho has 2 accounts:
[11-20 13:50:43]: [FINE] 7ahuevoncho7, dantepro1126.
[11-20 13:50:43]: [FINE] huevoncho logged in 181.230.24.71
[11-23 02:34:12]: [FINE] VincsMC logged in 45.236.28.69
[11-23 02:46:02]: [FINE] VincsMC logged in 45.236.28.69
[11-23 02:46:52]: [FINE] VincsMC logged in 45.236.28.69
[11-23 03:06:26]: [FINE] VincsMC logged in 45.236.28.69
[11-23 03:08:09]: [FINE] VincsMC logged in 45.236.28.69
[11-23 04:06:40]: [FINE] VincsMC logged in 45.236.28.69
[11-24 19:17:13]: [FINE] Rick_Sans0 registered 190.155.95.86
[11-24 19:17:13]: [FINE] Rick_Sans0 logged in 190.155.95.86
[11-24 23:04:57]: [FINE] JaduMC logged in 181.112.84.237
[11-24 23:27:55]: [FINE] VincsMC logged in 45.236.28.69
[11-25 01:02:49]: [FINE] VincsMC logged in 45.236.28.69
[11-25 19:56:00]: [FINE] Rick_Sans0 logged in 190.155.95.86
[11-25 23:21:02]: [FINE] JaduMC logged in 181.112.84.237
[11-26 00:40:23]: [FINE] VincsMC logged in 45.236.28.69
[11-26 01:01:06]: [FINE] dantepro1126 logged in 190.17.94.87
[11-26 01:01:34]: [FINE] VincsMC logged in 45.236.28.69
[11-26 01:40:39]: [FINE] VincsMC logged in 45.236.28.69
[11-26 02:32:26]: [FINE] VincsMC logged in 45.236.28.69
[11-26 04:01:36]: [FINE] VincsMC logged in 45.236.28.69
[11-26 04:11:46]: [FINE] dantepro1126 logged in 190.17.94.87
[11-26 04:24:59]: [FINE] VincsMC logged in 45.236.28.69
[11-26 18:19:18]: [FINE] huevoncho logged in 181.230.24.71
[11-26 19:14:05]: [FINE] VincsMC logged in 45.236.28.69
[11-26 21:38:10]: [FINE] VincsMC logged in 45.236.28.69
[11-26 23:00:19]: [FINE] Rick_Sans0 logged in 190.155.95.86
[11-27 15:36:09]: [FINE] VincsMC logged in 45.236.28.69
[11-27 18:10:04]: [FINE] JaduMC used the wrong password
[11-27 18:10:20]: [FINE] JaduMC logged in 181.112.85.37
[11-27 23:09:07]: [FINE] Witergatan registered 200.116.213.170
[11-27 23:09:07]: [FINE] Witergatan logged in 200.116.213.170
[11-27 23:09:42]: [FINE] JaduMC logged in 181.112.85.148
[11-27 23:13:26]: [FINE] VincsMC logged in 45.236.28.69
[11-27 23:18:43]: [FINE] Salcione registered 200.116.213.170
[11-27 23:18:44]: [FINE] The user Salcione has 2 accounts:
[11-27 23:18:44]: [FINE] 7witergatan, aSalcione7.
[11-27 23:18:44]: [FINE] Salcione logged in 200.116.213.170
[11-27 23:54:52]: [FINE] The user Salcione has 2 accounts:
[11-27 23:54:52]: [FINE] 7witergatan, aSalcione7.
[11-27 23:54:52]: [FINE] Salcione logged in 200.116.213.170
[11-27 23:55:57]: [FINE] The user Salcione has 2 accounts:
[11-27 23:55:57]: [FINE] 7witergatan, aSalcione7.
[11-27 23:55:57]: [FINE] Salcione logged in 200.116.213.170
[11-28 00:11:01]: [FINE] The user Salcione has 2 accounts:
[11-28 00:11:01]: [FINE] 7witergatan, aSalcione7.
[11-28 00:11:01]: [FINE] Salcione logged in 200.116.213.170
[11-28 00:11:10]: [FINE] The user Salcione has 2 accounts:
[11-28 00:11:10]: [FINE] 7witergatan, aSalcione7.
[11-28 00:11:10]: [FINE] Salcione logged in 200.116.213.170
[11-28 00:38:38]: [FINE] JaduMC logged in 181.112.85.148
[11-28 13:15:10]: [FINE] Ibrahim_24 logged in 179.51.142.2
[11-28 21:13:52]: [FINE] Jegagolo registered 186.89.232.218
[11-28 21:13:53]: [FINE] Jegagolo logged in 186.89.232.218
[11-28 21:13:55]: [FINE] VincsMC logged in 38.9.45.12
[11-28 21:53:44]: [FINE] The user Salcione has 2 accounts:
[11-28 21:53:44]: [FINE] 7witergatan, aSalcione7.
[11-28 21:53:44]: [FINE] Salcione logged in 200.116.213.170
[11-28 22:07:24]: [FINE] The user Salcione has 2 accounts:
[11-28 22:07:24]: [FINE] 7witergatan, aSalcione7.
[11-28 22:07:24]: [FINE] Salcione logged in 200.116.213.170
[11-29 01:17:20]: [FINE] Ibrahim_24 logged in 179.51.142.2
[11-29 02:19:47]: [FINE] Ibrahim_24 logged in 179.51.142.2
[11-29 04:00:22]: [FINE] JaduMC logged in 186.178.113.204
[11-30 22:35:39]: [FINE] Witergatan logged in 181.129.178.188
[11-30 22:37:30]: [FINE] Witergatan logged in 181.129.178.188
[11-30 22:44:48]: [FINE] Witergatan logged in 181.129.178.188
[12-04 19:38:35]: [FINE] Rick_Sans0 logged in 190.155.95.86
[01-18 18:41:52]: [FINE] JaduMC logged in 186.178.112.71
[01-19 00:43:06]: [FINE] JaduMC logged in 186.178.112.71
[01-19 17:25:43]: [FINE] JaduMC logged in 181.112.84.33
